<?xml version="1.0" encoding="UTF-8"?>
<!-- Generated by org.testng.reporters.JUnitXMLReporter -->
<testsuite hostname="PINENOIL15586" ignored="0" name="Surefire test" tests="12" failures="2" timestamp="17 Dec 2021 05:51:14 GMT" time="48.11" errors="0">
  <testcase name="runScenario" time="19.624" classname="io.cucumber.testng.AbstractTestNGCucumberTests">
    <failure type="java.sql.SQLException" message="Cannot create PoolableConnectionFactory (The TCP/IP connection to the host 192.168.104.22, port 6135 has failed. Error: &amp;quot;Connection timed out: no further information.. Verify the connection properties. Make sure that an instance of SQL Server is running on the host and accepting TCP/IP connections at the port. Make sure that TCP connections to the port are not blocked by a firewall.&amp;quot;.)">
      <![CDATA[java.sql.SQLException: Cannot create PoolableConnectionFactory (The TCP/IP connection to the host 192.168.104.22, port 6135 has failed. Error: "Connection timed out: no further information.. Verify the connection properties. Make sure that an instance of SQL Server is running on the host and accepting TCP/IP connections at the port. Make sure that TCP connections to the port are not blocked by a firewall.".)
at org.apache.commons.dbcp2.BasicDataSource.createPoolableConnectionFactory(BasicDataSource.java:2385)
at org.apache.commons.dbcp2.BasicDataSource.createDataSource(BasicDataSource.java:2110)
at org.apache.commons.dbcp2.BasicDataSource.getConnection(BasicDataSource.java:1563)
at com.qc.qa.dbutils.DBPoolProvider.getConnection(DBPoolProvider.java:76)
at com.qc.qa.dbutils.DBConnectionManager.getConnection(DBConnectionManager.java:158)
at com.qc.qa.dbutils.DBConnectionManager.getQueryResultAsStringMap(DBConnectionManager.java:83)
at pl.rest.utils.DBUtils.getCardDetails(DBUtils.java:3433)
at pl.rest.stepDefs.TransactionsStepDefs.iShouldSeeTheFollowingInTheCardListInTheDatabase(TransactionsStepDefs.java:249)
at ✽.i should see the following in the card list in the database(classpath:features/cardissue/InstantNonRelodableDigital.feature:24)
Caused by: com.microsoft.sqlserver.jdbc.SQLServerException: The TCP/IP connection to the host 192.168.104.22, port 6135 has failed. Error: "Connection timed out: no further information.. Verify the connection properties. Make sure that an instance of SQL Server is running on the host and accepting TCP/IP connections at the port. Make sure that TCP connections to the port are not blocked by a firewall.".
at com.microsoft.sqlserver.jdbc.SQLServerException.makeFromDriverError(SQLServerException.java:228)
at com.microsoft.sqlserver.jdbc.SQLServerException.ConvertConnectExceptionToSQLServerException(SQLServerException.java:285)
at com.microsoft.sqlserver.jdbc.SocketFinder.findSocket(IOBuffer.java:2437)
at com.microsoft.sqlserver.jdbc.TDSChannel.open(IOBuffer.java:641)
at com.microsoft.sqlserver.jdbc.SQLServerConnection.connectHelper(SQLServerConnection.java:2245)
at com.microsoft.sqlserver.jdbc.SQLServerConnection.login(SQLServerConnection.java:1921)
at com.microsoft.sqlserver.jdbc.SQLServerConnection.connectInternal(SQLServerConnection.java:1762)
at com.microsoft.sqlserver.jdbc.SQLServerConnection.connect(SQLServerConnection.java:1077)
at com.microsoft.sqlserver.jdbc.SQLServerDriver.connect(SQLServerDriver.java:623)
at org.apache.commons.dbcp2.DriverConnectionFactory.createConnection(DriverConnectionFactory.java:53)
at org.apache.commons.dbcp2.PoolableConnectionFactory.makeObject(PoolableConnectionFactory.java:291)
at org.apache.commons.dbcp2.BasicDataSource.validateConnectionFactory(BasicDataSource.java:2395)
at org.apache.commons.dbcp2.BasicDataSource.createPoolableConnectionFactory(BasicDataSource.java:2381)
at org.apache.commons.dbcp2.BasicDataSource.createDataSource(BasicDataSource.java:2110)
at org.apache.commons.dbcp2.BasicDataSource.getConnection(BasicDataSource.java:1563)
at com.qc.qa.dbutils.DBPoolProvider.getConnection(DBPoolProvider.java:76)
at com.qc.qa.dbutils.DBConnectionManager.getConnection(DBConnectionManager.java:158)
at com.qc.qa.dbutils.DBConnectionManager.getQueryResultAsStringMap(DBConnectionManager.java:83)
at pl.rest.utils.DBUtils.getCardDetails(DBUtils.java:3433)
at pl.rest.stepDefs.TransactionsStepDefs.iShouldSeeTheFollowingInTheCardListInTheDatabase(TransactionsStepDefs.java:249)
at cucumber.runtime.Utils$1.call(Utils.java:26)
at cucumber.runtime.Timeout.timeout(Timeout.java:16)
at cucumber.runtime.Utils.invoke(Utils.java:20)
at cucumber.runtime.java.JavaStepDefinition.execute(JavaStepDefinition.java:57)
at cucumber.runner.PickleStepDefinitionMatch.runStep(PickleStepDefinitionMatch.java:50)
at cucumber.runner.TestStep.executeStep(TestStep.java:65)
at cucumber.runner.TestStep.run(TestStep.java:50)
at cucumber.runner.PickleStepTestStep.run(PickleStepTestStep.java:43)
at cucumber.runner.TestCase.run(TestCase.java:46)
at cucumber.runner.Runner.runPickle(Runner.java:50)
at io.cucumber.testng.TestNGCucumberRunner.runScenario(TestNGCucumberRunner.java:69)
at io.cucumber.testng.AbstractTestNGCucumberTests.runScenario(AbstractTestNGCucumberTests.java:24)
at org.apache.maven.plugin.surefire.InPluginVMSurefireStarter.runSuitesInProcess(InPluginVMSurefireStarter.java:87)
at org.apache.maven.plugin.surefire.AbstractSurefireMojo.executeProvider(AbstractSurefireMojo.java:1177)
at org.apache.maven.plugin.surefire.AbstractSurefireMojo.executeAfterPreconditionsChecked(AbstractSurefireMojo.java:1022)
at org.apache.maven.plugin.surefire.AbstractSurefireMojo.execute(AbstractSurefireMojo.java:868)
at org.apache.maven.plugin.DefaultBuildPluginManager.executeMojo(DefaultBuildPluginManager.java:137)
at org.apache.maven.lifecycle.internal.MojoExecutor.execute(MojoExecutor.java:210)
at org.apache.maven.lifecycle.internal.MojoExecutor.execute(MojoExecutor.java:156)
at org.apache.maven.lifecycle.internal.MojoExecutor.execute(MojoExecutor.java:148)
at org.apache.maven.lifecycle.internal.LifecycleModuleBuilder.buildProject(LifecycleModuleBuilder.java:117)
at org.apache.maven.lifecycle.internal.LifecycleModuleBuilder.buildProject(LifecycleModuleBuilder.java:81)
at org.apache.maven.lifecycle.internal.builder.singlethreaded.SingleThreadedBuilder.build(SingleThreadedBuilder.java:56)
at org.apache.maven.lifecycle.internal.LifecycleStarter.execute(LifecycleStarter.java:128)
at org.apache.maven.DefaultMaven.doExecute(DefaultMaven.java:305)
at org.apache.maven.DefaultMaven.doExecute(DefaultMaven.java:192)
at org.apache.maven.DefaultMaven.execute(DefaultMaven.java:105)
at org.apache.maven.cli.MavenCli.execute(MavenCli.java:972)
at org.apache.maven.cli.MavenCli.doMain(MavenCli.java:293)
at org.apache.maven.cli.MavenCli.main(MavenCli.java:196)
at org.codehaus.plexus.classworlds.launcher.Launcher.launchEnhanced(Launcher.java:282)
at org.codehaus.plexus.classworlds.launcher.Launcher.launch(Launcher.java:225)
at org.codehaus.plexus.classworlds.launcher.Launcher.mainWithExitCode(Launcher.java:406)
at org.codehaus.plexus.classworlds.launcher.Launcher.main(Launcher.java:347)
... Removed 41 stack frames]]>
    </failure>
  </testcase> <!-- runScenario -->
  <testcase name="runScenario" time="19.93" classname="io.cucumber.testng.AbstractTestNGCucumberTests">
    <failure type="java.sql.SQLException" message="Cannot create PoolableConnectionFactory (The TCP/IP connection to the host 192.168.104.22, port 6135 has failed. Error: &amp;quot;Connection timed out: no further information.. Verify the connection properties. Make sure that an instance of SQL Server is running on the host and accepting TCP/IP connections at the port. Make sure that TCP connections to the port are not blocked by a firewall.&amp;quot;.)">
      <![CDATA[java.sql.SQLException: Cannot create PoolableConnectionFactory (The TCP/IP connection to the host 192.168.104.22, port 6135 has failed. Error: "Connection timed out: no further information.. Verify the connection properties. Make sure that an instance of SQL Server is running on the host and accepting TCP/IP connections at the port. Make sure that TCP connections to the port are not blocked by a firewall.".)
at org.apache.commons.dbcp2.BasicDataSource.createPoolableConnectionFactory(BasicDataSource.java:2385)
at org.apache.commons.dbcp2.BasicDataSource.createDataSource(BasicDataSource.java:2110)
at org.apache.commons.dbcp2.BasicDataSource.getConnection(BasicDataSource.java:1563)
at com.qc.qa.dbutils.DBPoolProvider.getConnection(DBPoolProvider.java:76)
at com.qc.qa.dbutils.DBConnectionManager.getConnection(DBConnectionManager.java:158)
at com.qc.qa.dbutils.DBConnectionManager.getQueryResultAsStringMap(DBConnectionManager.java:83)
at pl.rest.utils.DBUtils.getCardDetails(DBUtils.java:3433)
at pl.rest.stepDefs.TransactionsStepDefs.iShouldSeeTheFollowingInTheCardListInTheDatabase(TransactionsStepDefs.java:249)
at ✽.i should see the following in the card list in the database(classpath:features/cardissue/InstantNonRelodableDigital.feature:48)
Caused by: com.microsoft.sqlserver.jdbc.SQLServerException: The TCP/IP connection to the host 192.168.104.22, port 6135 has failed. Error: "Connection timed out: no further information.. Verify the connection properties. Make sure that an instance of SQL Server is running on the host and accepting TCP/IP connections at the port. Make sure that TCP connections to the port are not blocked by a firewall.".
at com.microsoft.sqlserver.jdbc.SQLServerException.makeFromDriverError(SQLServerException.java:228)
at com.microsoft.sqlserver.jdbc.SQLServerException.ConvertConnectExceptionToSQLServerException(SQLServerException.java:285)
at com.microsoft.sqlserver.jdbc.SocketFinder.findSocket(IOBuffer.java:2437)
at com.microsoft.sqlserver.jdbc.TDSChannel.open(IOBuffer.java:641)
at com.microsoft.sqlserver.jdbc.SQLServerConnection.connectHelper(SQLServerConnection.java:2245)
at com.microsoft.sqlserver.jdbc.SQLServerConnection.login(SQLServerConnection.java:1921)
at com.microsoft.sqlserver.jdbc.SQLServerConnection.connectInternal(SQLServerConnection.java:1762)
at com.microsoft.sqlserver.jdbc.SQLServerConnection.connect(SQLServerConnection.java:1077)
at com.microsoft.sqlserver.jdbc.SQLServerDriver.connect(SQLServerDriver.java:623)
at org.apache.commons.dbcp2.DriverConnectionFactory.createConnection(DriverConnectionFactory.java:53)
at org.apache.commons.dbcp2.PoolableConnectionFactory.makeObject(PoolableConnectionFactory.java:291)
at org.apache.commons.dbcp2.BasicDataSource.validateConnectionFactory(BasicDataSource.java:2395)
at org.apache.commons.dbcp2.BasicDataSource.createPoolableConnectionFactory(BasicDataSource.java:2381)
at org.apache.commons.dbcp2.BasicDataSource.createDataSource(BasicDataSource.java:2110)
at org.apache.commons.dbcp2.BasicDataSource.getConnection(BasicDataSource.java:1563)
at com.qc.qa.dbutils.DBPoolProvider.getConnection(DBPoolProvider.java:76)
at com.qc.qa.dbutils.DBConnectionManager.getConnection(DBConnectionManager.java:158)
at com.qc.qa.dbutils.DBConnectionManager.getQueryResultAsStringMap(DBConnectionManager.java:83)
at pl.rest.utils.DBUtils.getCardDetails(DBUtils.java:3433)
at pl.rest.stepDefs.TransactionsStepDefs.iShouldSeeTheFollowingInTheCardListInTheDatabase(TransactionsStepDefs.java:249)
at cucumber.runtime.Utils$1.call(Utils.java:26)
at cucumber.runtime.Timeout.timeout(Timeout.java:16)
at cucumber.runtime.Utils.invoke(Utils.java:20)
at cucumber.runtime.java.JavaStepDefinition.execute(JavaStepDefinition.java:57)
at cucumber.runner.PickleStepDefinitionMatch.runStep(PickleStepDefinitionMatch.java:50)
at cucumber.runner.TestStep.executeStep(TestStep.java:65)
at cucumber.runner.TestStep.run(TestStep.java:50)
at cucumber.runner.PickleStepTestStep.run(PickleStepTestStep.java:43)
at cucumber.runner.TestCase.run(TestCase.java:46)
at cucumber.runner.Runner.runPickle(Runner.java:50)
at io.cucumber.testng.TestNGCucumberRunner.runScenario(TestNGCucumberRunner.java:69)
at io.cucumber.testng.AbstractTestNGCucumberTests.runScenario(AbstractTestNGCucumberTests.java:24)
at org.apache.maven.plugin.surefire.InPluginVMSurefireStarter.runSuitesInProcess(InPluginVMSurefireStarter.java:87)
at org.apache.maven.plugin.surefire.AbstractSurefireMojo.executeProvider(AbstractSurefireMojo.java:1177)
at org.apache.maven.plugin.surefire.AbstractSurefireMojo.executeAfterPreconditionsChecked(AbstractSurefireMojo.java:1022)
at org.apache.maven.plugin.surefire.AbstractSurefireMojo.execute(AbstractSurefireMojo.java:868)
at org.apache.maven.plugin.DefaultBuildPluginManager.executeMojo(DefaultBuildPluginManager.java:137)
at org.apache.maven.lifecycle.internal.MojoExecutor.execute(MojoExecutor.java:210)
at org.apache.maven.lifecycle.internal.MojoExecutor.execute(MojoExecutor.java:156)
at org.apache.maven.lifecycle.internal.MojoExecutor.execute(MojoExecutor.java:148)
at org.apache.maven.lifecycle.internal.LifecycleModuleBuilder.buildProject(LifecycleModuleBuilder.java:117)
at org.apache.maven.lifecycle.internal.LifecycleModuleBuilder.buildProject(LifecycleModuleBuilder.java:81)
at org.apache.maven.lifecycle.internal.builder.singlethreaded.SingleThreadedBuilder.build(SingleThreadedBuilder.java:56)
at org.apache.maven.lifecycle.internal.LifecycleStarter.execute(LifecycleStarter.java:128)
at org.apache.maven.DefaultMaven.doExecute(DefaultMaven.java:305)
at org.apache.maven.DefaultMaven.doExecute(DefaultMaven.java:192)
at org.apache.maven.DefaultMaven.execute(DefaultMaven.java:105)
at org.apache.maven.cli.MavenCli.execute(MavenCli.java:972)
at org.apache.maven.cli.MavenCli.doMain(MavenCli.java:293)
at org.apache.maven.cli.MavenCli.main(MavenCli.java:196)
at org.codehaus.plexus.classworlds.launcher.Launcher.launchEnhanced(Launcher.java:282)
at org.codehaus.plexus.classworlds.launcher.Launcher.launch(Launcher.java:225)
at org.codehaus.plexus.classworlds.launcher.Launcher.mainWithExitCode(Launcher.java:406)
at org.codehaus.plexus.classworlds.launcher.Launcher.main(Launcher.java:347)
... Removed 41 stack frames]]>
    </failure>
  </testcase> <!-- runScenario -->
  <testcase name="runScenario" time="0.937" classname="io.cucumber.testng.AbstractTestNGCucumberTests"/>
  <testcase name="runScenario" time="0.811" classname="io.cucumber.testng.AbstractTestNGCucumberTests"/>
  <testcase name="runScenario" time="0.794" classname="io.cucumber.testng.AbstractTestNGCucumberTests"/>
  <testcase name="runScenario" time="0.742" classname="io.cucumber.testng.AbstractTestNGCucumberTests"/>
  <testcase name="runScenario" time="0.782" classname="io.cucumber.testng.AbstractTestNGCucumberTests"/>
  <testcase name="runScenario" time="0.701" classname="io.cucumber.testng.AbstractTestNGCucumberTests"/>
  <testcase name="runScenario" time="0.748" classname="io.cucumber.testng.AbstractTestNGCucumberTests"/>
  <testcase name="runScenario" time="1.065" classname="io.cucumber.testng.AbstractTestNGCucumberTests"/>
  <testcase name="runScenario" time="0.67" classname="io.cucumber.testng.AbstractTestNGCucumberTests"/>
  <testcase name="runScenario" time="0.701" classname="io.cucumber.testng.AbstractTestNGCucumberTests"/>
</testsuite> <!-- Surefire test -->
