-------------------------------------------------------------------------------
Test set: pl.rest.testRunners.TestRunner
-------------------------------------------------------------------------------
Tests run: 12, Failures: 2, Errors: 0, Skipped: 0, Time elapsed: 50.093 s <<< FAILURE! - in pl.rest.testRunners.TestRunner
runScenario(pl.rest.testRunners.TestRunner)  Time elapsed: 19.628 s  <<< FAILURE!
java.sql.SQLException: Cannot create PoolableConnectionFactory (The TCP/IP connection to the host 192.168.104.22, port 6135 has failed. Error: "Connection timed out: no further information.. Verify the connection properties. Make sure that an instance of SQL Server is running on the host and accepting TCP/IP connections at the port. Make sure that TCP connections to the port are not blocked by a firewall.".)
Caused by: com.microsoft.sqlserver.jdbc.SQLServerException: The TCP/IP connection to the host 192.168.104.22, port 6135 has failed. Error: "Connection timed out: no further information.. Verify the connection properties. Make sure that an instance of SQL Server is running on the host and accepting TCP/IP connections at the port. Make sure that TCP connections to the port are not blocked by a firewall.".

runScenario(pl.rest.testRunners.TestRunner)  Time elapsed: 19.93 s  <<< FAILURE!
java.sql.SQLException: Cannot create PoolableConnectionFactory (The TCP/IP connection to the host 192.168.104.22, port 6135 has failed. Error: "Connection timed out: no further information.. Verify the connection properties. Make sure that an instance of SQL Server is running on the host and accepting TCP/IP connections at the port. Make sure that TCP connections to the port are not blocked by a firewall.".)
Caused by: com.microsoft.sqlserver.jdbc.SQLServerException: The TCP/IP connection to the host 192.168.104.22, port 6135 has failed. Error: "Connection timed out: no further information.. Verify the connection properties. Make sure that an instance of SQL Server is running on the host and accepting TCP/IP connections at the port. Make sure that TCP connections to the port are not blocked by a firewall.".

