<?xml version="1.0" encoding="UTF-8"?>
<testsuite xmlns:xsi="http://www.w3.org/2001/XMLSchema-instance" xsi:noNamespaceSchemaLocation="https://maven.apache.org/surefire/maven-surefire-plugin/xsd/surefire-test-report.xsd" name="pl.rest.testRunners.NonDBTestRunner" time="27.691" tests="19" errors="0" skipped="2" failures="0">
  <properties>
[...]
</properties>
  <testcase name="runScenario" classname="pl.rest.testRunners.NonDBTestRunner" time="8.148"/>
  <testcase name="runScenario" classname="pl.rest.testRunners.NonDBTestRunner" time="0.932"/>
  <testcase name="runScenario" classname="pl.rest.testRunners.NonDBTestRunner" time="1.294"/>
  <testcase name="runScenario" classname="pl.rest.testRunners.NonDBTestRunner" time="1.013"/>
  <testcase name="runScenario" classname="pl.rest.testRunners.NonDBTestRunner" time="1.014"/>
  <testcase name="runScenario" classname="pl.rest.testRunners.NonDBTestRunner" time="1.577"/>
  <testcase name="runScenario" classname="pl.rest.testRunners.NonDBTestRunner" time="0.778"/>
  <testcase name="runScenario" classname="pl.rest.testRunners.NonDBTestRunner" time="0.84"/>
  <testcase name="runScenario" classname="pl.rest.testRunners.NonDBTestRunner" time="1.714"/>
  <testcase name="runScenario" classname="pl.rest.testRunners.NonDBTestRunner" time="0.803"/>
  <testcase name="runScenario" classname="pl.rest.testRunners.NonDBTestRunner" time="0.907"/>
  <testcase name="runScenario" classname="pl.rest.testRunners.NonDBTestRunner" time="0.788"/>
  <testcase name="runScenario" classname="pl.rest.testRunners.NonDBTestRunner" time="0.918"/>
  <testcase name="runScenario" classname="pl.rest.testRunners.NonDBTestRunner" time="1.05"/>
  <testcase name="runScenario" classname="pl.rest.testRunners.NonDBTestRunner" time="0.709"/>
  <testcase name="runScenario" classname="pl.rest.testRunners.NonDBTestRunner" time="0.795"/>
  <testcase name="runScenario" classname="pl.rest.testRunners.NonDBTestRunner" time="0.61"/>
  <testcase name="runScenario" classname="pl.rest.testRunners.NonDBTestRunner" time="0">
    <skipped message="There are undefined steps"/>
  </testcase>
  <testcase name="runScenario" classname="pl.rest.testRunners.NonDBTestRunner" time="0">
    <skipped message="There are undefined steps"/>
  </testcase>
</testsuite>