<?xml version="1.0" encoding="UTF-8"?>
<testsuite xmlns:xsi="http://www.w3.org/2001/XMLSchema-instance" xsi:noNamespaceSchemaLocation="https://maven.apache.org/surefire/maven-surefire-plugin/xsd/surefire-test-report.xsd" name="pl.rest.testRunners.TestRunner" time="50.093" tests="12" errors="0" skipped="0" failures="2">
  <properties>
[...]
</properties>
  <testcase name="runScenario" classname="pl.rest.testRunners.TestRunner" time="19.628">
    <failure message="Cannot create PoolableConnectionFactory (The TCP/IP connection to the host 192.168.104.22, port 6135 has failed. Error: &quot;Connection timed out: no further information.. Verify the connection properties. Make sure that an instance of SQL Server is running on the host and accepting TCP/IP connections at the port. Make sure that TCP connections to the port are not blocked by a firewall.&quot;.)" type="java.sql.SQLException">java.sql.SQLException: Cannot create PoolableConnectionFactory (The TCP/IP connection to the host 192.168.104.22, port 6135 has failed. Error: "Connection timed out: no further information.. Verify the connection properties. Make sure that an instance of SQL Server is running on the host and accepting TCP/IP connections at the port. Make sure that TCP connections to the port are not blocked by a firewall.".)
Caused by: com.microsoft.sqlserver.jdbc.SQLServerException: The TCP/IP connection to the host 192.168.104.22, port 6135 has failed. Error: "Connection timed out: no further information.. Verify the connection properties. Make sure that an instance of SQL Server is running on the host and accepting TCP/IP connections at the port. Make sure that TCP connections to the port are not blocked by a firewall.".
</failure>
    <system-out><![CDATA[11:20:28.516 [main] INFO  c.q.q.u.TestDataReader - Reading API Test Data config values from  testData/api/devAPITestData.properties
2021-12-17 11:20:28,516 &amp#27;[32m[main]&amp#27;[0;39m &amp#27;[34mINFO&amp#27;[0;39m com.qc.qa.utils.TestDataReader - Reading API Test Data config values from  testData/api/devAPITestData.properties
11:20:28.524 [main] INFO  p.r.s.Authorize - Authorize Rest API URL :- https://apitest.pineperks.in/auth/V1/generate/token
2021-12-17 11:20:28,524 &amp#27;[32m[main]&amp#27;[0;39m &amp#27;[34mINFO&amp#27;[0;39m pl.rest.service.Authorize - Authorize Rest API URL :- https://apitest.pineperks.in/auth/V1/generate/token
11:20:28.525 [main] INFO  c.q.BaseAPI - GET call to URL https://apitest.pineperks.in/auth/V1/generate/token
2021-12-17 11:20:28,525 &amp#27;[32m[main]&amp#27;[0;39m &amp#27;[34mINFO&amp#27;[0;39m com.qc.BaseAPI - GET call to URL https://apitest.pineperks.in/auth/V1/generate/token
11:20:28.727 [main] INFO  c.q.BaseAPI - ********************REQUEST********************
2021-12-17 11:20:28,727 &amp#27;[32m[main]&amp#27;[0;39m &amp#27;[34mINFO&amp#27;[0;39m com.qc.BaseAPI - ********************REQUEST********************
Request method:	GET
Request URI:	https://apitest.pineperks.in/auth/V1/generate/token
Proxy:			<none>
Request params:	<none>
Query params:	<none>
Form params:	<none>
Path params:	<none>
Headers:		userName=t3azPwts/6OSPTFxhCdYug==
				Accept=*/*
				Content-Type=application/json; charset=UTF-8
Cookies:		<none>
Multiparts:		<none>
Body:			<none>
11:20:29.406 [main] DEBUG o.a.h.i.c.BasicClientConnectionManager - Get connection for route {s}->https://apitest.pineperks.in:443
2021-12-17 11:20:29,406 &amp#27;[32m[main]&amp#27;[0;39m &amp#27;[39mDEBUG&amp#27;[0;39m o.a.http.impl.conn.BasicClientConnectionManager - Get connection for route {s}->https://apitest.pineperks.in:443
11:20:29.436 [main] DEBUG o.a.h.i.c.DefaultClientConnectionOperator - Connecting to apitest.pineperks.in:443
2021-12-17 11:20:29,436 &amp#27;[32m[main]&amp#27;[0;39m &amp#27;[39mDEBUG&amp#27;[0;39m o.a.http.impl.conn.DefaultClientConnectionOperator - Connecting to apitest.pineperks.in:443
11:20:29.662 [main] DEBUG o.a.h.c.p.RequestAddCookies - CookieSpec selected: ignoreCookies
2021-12-17 11:20:29,662 &amp#27;[32m[main]&amp#27;[0;39m &amp#27;[39mDEBUG&amp#27;[0;39m org.apache.http.client.protocol.RequestAddCookies - CookieSpec selected: ignoreCookies
11:20:29.664 [main] DEBUG o.a.h.c.p.RequestAuthCache - Auth cache not set in the context
2021-12-17 11:20:29,664 &amp#27;[32m[main]&amp#27;[0;39m &amp#27;[39mDEBUG&amp#27;[0;39m org.apache.http.client.protocol.RequestAuthCache - Auth cache not set in the context
11:20:29.665 [main] DEBUG o.a.h.c.p.RequestTargetAuthentication - Target auth state: UNCHALLENGED
2021-12-17 11:20:29,665 &amp#27;[32m[main]&amp#27;[0;39m &amp#27;[39mDEBUG&amp#27;[0;39m o.a.h.client.protocol.RequestTargetAuthentication - Target auth state: UNCHALLENGED
11:20:29.667 [main] DEBUG o.a.h.c.p.RequestProxyAuthentication - Proxy auth state: UNCHALLENGED
2021-12-17 11:20:29,667 &amp#27;[32m[main]&amp#27;[0;39m &amp#27;[39mDEBUG&amp#27;[0;39m o.a.h.client.protocol.RequestProxyAuthentication - Proxy auth state: UNCHALLENGED
11:20:29.668 [main] DEBUG o.a.h.i.c.DefaultHttpClient - Attempt 1 to execute request
2021-12-17 11:20:29,668 &amp#27;[32m[main]&amp#27;[0;39m &amp#27;[39mDEBUG&amp#27;[0;39m org.apache.http.impl.client.DefaultHttpClient - Attempt 1 to execute request
11:20:29.669 [main] DEBUG o.a.h.i.c.DefaultClientConnection - Sending request: GET /auth/V1/generate/token HTTP/1.1
2021-12-17 11:20:29,669 &amp#27;[32m[main]&amp#27;[0;39m &amp#27;[39mDEBUG&amp#27;[0;39m org.apache.http.impl.conn.DefaultClientConnection - Sending request: GET /auth/V1/generate/token HTTP/1.1
11:20:29.670 [main] DEBUG o.a.h.wire -  >> "GET /auth/V1/generate/token HTTP/1.1[\r][\n]"
2021-12-17 11:20:29,670 &amp#27;[32m[main]&amp#27;[0;39m &amp#27;[39mDEBUG&amp#27;[0;39m org.apache.http.wire -  >> "GET /auth/V1/generate/token HTTP/1.1[\r][\n]"
11:20:29.672 [main] DEBUG o.a.h.wire -  >> "Content-Type: application/json; charset=UTF-8[\r][\n]"
2021-12-17 11:20:29,672 &amp#27;[32m[main]&amp#27;[0;39m &amp#27;[39mDEBUG&amp#27;[0;39m org.apache.http.wire -  >> "Content-Type: application/json; charset=UTF-8[\r][\n]"
11:20:29.672 [main] DEBUG o.a.h.wire -  >> "Accept: */*[\r][\n]"
2021-12-17 11:20:29,672 &amp#27;[32m[main]&amp#27;[0;39m &amp#27;[39mDEBUG&amp#27;[0;39m org.apache.http.wire -  >> "Accept: */*[\r][\n]"
11:20:29.673 [main] DEBUG o.a.h.wire -  >> "userName: t3azPwts/6OSPTFxhCdYug==[\r][\n]"
2021-12-17 11:20:29,673 &amp#27;[32m[main]&amp#27;[0;39m &amp#27;[39mDEBUG&amp#27;[0;39m org.apache.http.wire -  >> "userName: t3azPwts/6OSPTFxhCdYug==[\r][\n]"
11:20:29.674 [main] DEBUG o.a.h.wire -  >> "Host: apitest.pineperks.in[\r][\n]"
2021-12-17 11:20:29,674 &amp#27;[32m[main]&amp#27;[0;39m &amp#27;[39mDEBUG&amp#27;[0;39m org.apache.http.wire -  >> "Host: apitest.pineperks.in[\r][\n]"
11:20:29.674 [main] DEBUG o.a.h.wire -  >> "Connection: Keep-Alive[\r][\n]"
2021-12-17 11:20:29,674 &amp#27;[32m[main]&amp#27;[0;39m &amp#27;[39mDEBUG&amp#27;[0;39m org.apache.http.wire -  >> "Connection: Keep-Alive[\r][\n]"
11:20:29.675 [main] DEBUG o.a.h.wire -  >> "User-Agent: Apache-HttpClient/4.5.2 (Java/1.8.0_202)[\r][\n]"
2021-12-17 11:20:29,675 &amp#27;[32m[main]&amp#27;[0;39m &amp#27;[39mDEBUG&amp#27;[0;39m org.apache.http.wire -  >> "User-Agent: Apache-HttpClient/4.5.2 (Java/1.8.0_202)[\r][\n]"
11:20:29.676 [main] DEBUG o.a.h.wire -  >> "Accept-Encoding: gzip,deflate[\r][\n]"
2021-12-17 11:20:29,676 &amp#27;[32m[main]&amp#27;[0;39m &amp#27;[39mDEBUG&amp#27;[0;39m org.apache.http.wire -  >> "Accept-Encoding: gzip,deflate[\r][\n]"
11:20:29.677 [main] DEBUG o.a.h.wire -  >> "[\r][\n]"
2021-12-17 11:20:29,677 &amp#27;[32m[main]&amp#27;[0;39m &amp#27;[39mDEBUG&amp#27;[0;39m org.apache.http.wire -  >> "[\r][\n]"
11:20:29.678 [main] DEBUG o.a.h.headers - >> GET /auth/V1/generate/token HTTP/1.1
2021-12-17 11:20:29,678 &amp#27;[32m[main]&amp#27;[0;39m &amp#27;[39mDEBUG&amp#27;[0;39m org.apache.http.headers - >> GET /auth/V1/generate/token HTTP/1.1
11:20:29.678 [main] DEBUG o.a.h.headers - >> Content-Type: application/json; charset=UTF-8
2021-12-17 11:20:29,678 &amp#27;[32m[main]&amp#27;[0;39m &amp#27;[39mDEBUG&amp#27;[0;39m org.apache.http.headers - >> Content-Type: application/json; charset=UTF-8
11:20:29.679 [main] DEBUG o.a.h.headers - >> Accept: */*
2021-12-17 11:20:29,679 &amp#27;[32m[main]&amp#27;[0;39m &amp#27;[39mDEBUG&amp#27;[0;39m org.apache.http.headers - >> Accept: */*
11:20:29.679 [main] DEBUG o.a.h.headers - >> userName: t3azPwts/6OSPTFxhCdYug==
2021-12-17 11:20:29,679 &amp#27;[32m[main]&amp#27;[0;39m &amp#27;[39mDEBUG&amp#27;[0;39m org.apache.http.headers - >> userName: t3azPwts/6OSPTFxhCdYug==
11:20:29.680 [main] DEBUG o.a.h.headers - >> Host: apitest.pineperks.in
2021-12-17 11:20:29,680 &amp#27;[32m[main]&amp#27;[0;39m &amp#27;[39mDEBUG&amp#27;[0;39m org.apache.http.headers - >> Host: apitest.pineperks.in
11:20:29.680 [main] DEBUG o.a.h.headers - >> Connection: Keep-Alive
2021-12-17 11:20:29,680 &amp#27;[32m[main]&amp#27;[0;39m &amp#27;[39mDEBUG&amp#27;[0;39m org.apache.http.headers - >> Connection: Keep-Alive
11:20:29.680 [main] DEBUG o.a.h.headers - >> User-Agent: Apache-HttpClient/4.5.2 (Java/1.8.0_202)
2021-12-17 11:20:29,680 &amp#27;[32m[main]&amp#27;[0;39m &amp#27;[39mDEBUG&amp#27;[0;39m org.apache.http.headers - >> User-Agent: Apache-HttpClient/4.5.2 (Java/1.8.0_202)
11:20:29.681 [main] DEBUG o.a.h.headers - >> Accept-Encoding: gzip,deflate
2021-12-17 11:20:29,681 &amp#27;[32m[main]&amp#27;[0;39m &amp#27;[39mDEBUG&amp#27;[0;39m org.apache.http.headers - >> Accept-Encoding: gzip,deflate
11:20:29.793 [main] DEBUG o.a.h.wire -  << "HTTP/1.1 200 [\r][\n]"
2021-12-17 11:20:29,793 &amp#27;[32m[main]&amp#27;[0;39m &amp#27;[39mDEBUG&amp#27;[0;39m org.apache.http.wire -  << "HTTP/1.1 200 [\r][\n]"
11:20:29.795 [main] DEBUG o.a.h.wire -  << "Access-Control-Allow-Methods: GET, POST[\r][\n]"
2021-12-17 11:20:29,795 &amp#27;[32m[main]&amp#27;[0;39m &amp#27;[39mDEBUG&amp#27;[0;39m org.apache.http.wire -  << "Access-Control-Allow-Methods: GET, POST[\r][\n]"
11:20:29.796 [main] DEBUG o.a.h.wire -  << "Access-Control-Allow-Origin: *[\r][\n]"
2021-12-17 11:20:29,796 &amp#27;[32m[main]&amp#27;[0;39m &amp#27;[39mDEBUG&amp#27;[0;39m org.apache.http.wire -  << "Access-Control-Allow-Origin: *[\r][\n]"
11:20:29.796 [main] DEBUG o.a.h.wire -  << "Content-Security-Policy: default-src 'none'[\r][\n]"
2021-12-17 11:20:29,796 &amp#27;[32m[main]&amp#27;[0;39m &amp#27;[39mDEBUG&amp#27;[0;39m org.apache.http.wire -  << "Content-Security-Policy: default-src 'none'[\r][\n]"
11:20:29.797 [main] DEBUG o.a.h.wire -  << "Feature-Policy: 'none'[\r][\n]"
2021-12-17 11:20:29,797 &amp#27;[32m[main]&amp#27;[0;39m &amp#27;[39mDEBUG&amp#27;[0;39m org.apache.http.wire -  << "Feature-Policy: 'none'[\r][\n]"
11:20:29.797 [main] DEBUG o.a.h.wire -  << "Referrer-Policy: no-referrer[\r][\n]"
2021-12-17 11:20:29,797 &amp#27;[32m[main]&amp#27;[0;39m &amp#27;[39mDEBUG&amp#27;[0;39m org.apache.http.wire -  << "Referrer-Policy: no-referrer[\r][\n]"
11:20:29.798 [main] DEBUG o.a.h.wire -  << "Strict-Transport-Security: max-age=31536000 ; includeSubDomains[\r][\n]"
2021-12-17 11:20:29,798 &amp#27;[32m[main]&amp#27;[0;39m &amp#27;[39mDEBUG&amp#27;[0;39m org.apache.http.wire -  << "Strict-Transport-Security: max-age=31536000 ; includeSubDomains[\r][\n]"
11:20:29.798 [main] DEBUG o.a.h.wire -  << "Date: Fri, 17 Dec 2021 05:50:29 GMT[\r][\n]"
2021-12-17 11:20:29,798 &amp#27;[32m[main]&amp#27;[0;39m &amp#27;[39mDEBUG&amp#27;[0;39m org.apache.http.wire -  << "Date: Fri, 17 Dec 2021 05:50:29 GMT[\r][\n]"
11:20:29.799 [main] DEBUG o.a.h.wire -  << "Keep-Alive: timeout=60[\r][\n]"
2021-12-17 11:20:29,799 &amp#27;[32m[main]&amp#27;[0;39m &amp#27;[39mDEBUG&amp#27;[0;39m org.apache.http.wire -  << "Keep-Alive: timeout=60[\r][\n]"
11:20:29.799 [main] DEBUG o.a.h.wire -  << "Content-Type: application/json[\r][\n]"
2021-12-17 11:20:29,799 &amp#27;[32m[main]&amp#27;[0;39m &amp#27;[39mDEBUG&amp#27;[0;39m org.apache.http.wire -  << "Content-Type: application/json[\r][\n]"
11:20:29.799 [main] DEBUG o.a.h.wire -  << "Transfer-Encoding: chunked[\r][\n]"
2021-12-17 11:20:29,799 &amp#27;[32m[main]&amp#27;[0;39m &amp#27;[39mDEBUG&amp#27;[0;39m org.apache.http.wire -  << "Transfer-Encoding: chunked[\r][\n]"
11:20:29.800 [main] DEBUG o.a.h.wire -  << "Connection: keep-alive[\r][\n]"
2021-12-17 11:20:29,800 &amp#27;[32m[main]&amp#27;[0;39m &amp#27;[39mDEBUG&amp#27;[0;39m org.apache.http.wire -  << "Connection: keep-alive[\r][\n]"
11:20:29.801 [main] DEBUG o.a.h.wire -  << "[\r][\n]"
2021-12-17 11:20:29,801 &amp#27;[32m[main]&amp#27;[0;39m &amp#27;[39mDEBUG&amp#27;[0;39m org.apache.http.wire -  << "[\r][\n]"
11:20:29.801 [main] DEBUG o.a.h.i.c.DefaultClientConnection - Receiving response: HTTP/1.1 200 
2021-12-17 11:20:29,801 &amp#27;[32m[main]&amp#27;[0;39m &amp#27;[39mDEBUG&amp#27;[0;39m org.apache.http.impl.conn.DefaultClientConnection - Receiving response: HTTP/1.1 200 
11:20:29.802 [main] DEBUG o.a.h.headers - << HTTP/1.1 200 
2021-12-17 11:20:29,802 &amp#27;[32m[main]&amp#27;[0;39m &amp#27;[39mDEBUG&amp#27;[0;39m org.apache.http.headers - << HTTP/1.1 200 
11:20:29.803 [main] DEBUG o.a.h.headers - << Access-Control-Allow-Methods: GET, POST
2021-12-17 11:20:29,803 &amp#27;[32m[main]&amp#27;[0;39m &amp#27;[39mDEBUG&amp#27;[0;39m org.apache.http.headers - << Access-Control-Allow-Methods: GET, POST
11:20:29.803 [main] DEBUG o.a.h.headers - << Access-Control-Allow-Origin: *
2021-12-17 11:20:29,803 &amp#27;[32m[main]&amp#27;[0;39m &amp#27;[39mDEBUG&amp#27;[0;39m org.apache.http.headers - << Access-Control-Allow-Origin: *
11:20:29.804 [main] DEBUG o.a.h.headers - << Content-Security-Policy: default-src 'none'
2021-12-17 11:20:29,804 &amp#27;[32m[main]&amp#27;[0;39m &amp#27;[39mDEBUG&amp#27;[0;39m org.apache.http.headers - << Content-Security-Policy: default-src 'none'
11:20:29.804 [main] DEBUG o.a.h.headers - << Feature-Policy: 'none'
2021-12-17 11:20:29,804 &amp#27;[32m[main]&amp#27;[0;39m &amp#27;[39mDEBUG&amp#27;[0;39m org.apache.http.headers - << Feature-Policy: 'none'
11:20:29.804 [main] DEBUG o.a.h.headers - << Referrer-Policy: no-referrer
2021-12-17 11:20:29,804 &amp#27;[32m[main]&amp#27;[0;39m &amp#27;[39mDEBUG&amp#27;[0;39m org.apache.http.headers - << Referrer-Policy: no-referrer
11:20:29.805 [main] DEBUG o.a.h.headers - << Strict-Transport-Security: max-age=31536000 ; includeSubDomains
2021-12-17 11:20:29,805 &amp#27;[32m[main]&amp#27;[0;39m &amp#27;[39mDEBUG&amp#27;[0;39m org.apache.http.headers - << Strict-Transport-Security: max-age=31536000 ; includeSubDomains
11:20:29.805 [main] DEBUG o.a.h.headers - << Date: Fri, 17 Dec 2021 05:50:29 GMT
2021-12-17 11:20:29,805 &amp#27;[32m[main]&amp#27;[0;39m &amp#27;[39mDEBUG&amp#27;[0;39m org.apache.http.headers - << Date: Fri, 17 Dec 2021 05:50:29 GMT
11:20:29.806 [main] DEBUG o.a.h.headers - << Keep-Alive: timeout=60
2021-12-17 11:20:29,806 &amp#27;[32m[main]&amp#27;[0;39m &amp#27;[39mDEBUG&amp#27;[0;39m org.apache.http.headers - << Keep-Alive: timeout=60
11:20:29.810 [main] DEBUG o.a.h.headers - << Content-Type: application/json
2021-12-17 11:20:29,810 &amp#27;[32m[main]&amp#27;[0;39m &amp#27;[39mDEBUG&amp#27;[0;39m org.apache.http.headers - << Content-Type: application/json
11:20:29.811 [main] DEBUG o.a.h.headers - << Transfer-Encoding: chunked
2021-12-17 11:20:29,811 &amp#27;[32m[main]&amp#27;[0;39m &amp#27;[39mDEBUG&amp#27;[0;39m org.apache.http.headers - << Transfer-Encoding: chunked
11:20:29.812 [main] DEBUG o.a.h.headers - << Connection: keep-alive
2021-12-17 11:20:29,812 &amp#27;[32m[main]&amp#27;[0;39m &amp#27;[39mDEBUG&amp#27;[0;39m org.apache.http.headers - << Connection: keep-alive
11:20:29.816 [main] DEBUG o.a.h.i.c.DefaultHttpClient - Connection can be kept alive for 60000 MILLISECONDS
2021-12-17 11:20:29,816 &amp#27;[32m[main]&amp#27;[0;39m &amp#27;[39mDEBUG&amp#27;[0;39m org.apache.http.impl.client.DefaultHttpClient - Connection can be kept alive for 60000 MILLISECONDS
11:20:29.828 [main] DEBUG i.r.i.RequestSpecificationImpl$RestAssuredHttpBuilder - Parsing response as: application/json
2021-12-17 11:20:29,828 &amp#27;[32m[main]&amp#27;[0;39m &amp#27;[39mDEBUG&amp#27;[0;39m i.r.i.RequestSpecificationImpl$RestAssuredHttpBuilder - Parsing response as: application/json
11:20:29.830 [main] DEBUG i.r.i.RequestSpecificationImpl$RestAssuredHttpBuilder - Parsed data to instance of: class org.apache.http.conn.EofSensorInputStream
2021-12-17 11:20:29,830 &amp#27;[32m[main]&amp#27;[0;39m &amp#27;[39mDEBUG&amp#27;[0;39m i.r.i.RequestSpecificationImpl$RestAssuredHttpBuilder - Parsed data to instance of: class org.apache.http.conn.EofSensorInputStream
11:20:29.847 [main] INFO  c.q.BaseAPI - Method :GET
2021-12-17 11:20:29,847 &amp#27;[32m[main]&amp#27;[0;39m &amp#27;[34mINFO&amp#27;[0;39m com.qc.BaseAPI - Method :GET
11:20:29.851 [main] INFO  c.q.BaseAPI - URI :https://apitest.pineperks.in/auth/V1/generate/token
2021-12-17 11:20:29,851 &amp#27;[32m[main]&amp#27;[0;39m &amp#27;[34mINFO&amp#27;[0;39m com.qc.BaseAPI - URI :https://apitest.pineperks.in/auth/V1/generate/token
11:20:29.852 [main] INFO  c.q.BaseAPI - Headers :userName=t3azPwts/6OSPTFxhCdYug==
Accept=*/*
Content-Type=application/json; charset=UTF-8
2021-12-17 11:20:29,852 &amp#27;[32m[main]&amp#27;[0;39m &amp#27;[34mINFO&amp#27;[0;39m com.qc.BaseAPI - Headers :userName=t3azPwts/6OSPTFxhCdYug==
Accept=*/*
Content-Type=application/json; charset=UTF-8
11:20:29.853 [main] INFO  c.q.BaseAPI - Body :null
2021-12-17 11:20:29,853 &amp#27;[32m[main]&amp#27;[0;39m &amp#27;[34mINFO&amp#27;[0;39m com.qc.BaseAPI - Body :null
11:20:29.857 [main] INFO  c.q.BaseAPI - ********************RESPONSE********************
2021-12-17 11:20:29,857 &amp#27;[32m[main]&amp#27;[0;39m &amp#27;[34mINFO&amp#27;[0;39m com.qc.BaseAPI - ********************RESPONSE********************
11:20:29.869 [main] DEBUG o.a.h.wire -  << "7f[\r][\n]"
2021-12-17 11:20:29,869 &amp#27;[32m[main]&amp#27;[0;39m &amp#27;[39mDEBUG&amp#27;[0;39m org.apache.http.wire -  << "7f[\r][\n]"
11:20:29.870 [main] DEBUG o.a.h.wire -  << "{"accessToken":"6752198213e44cec8cf1b67e0e9e274c","tokenExpiryTime":"18-Dec-2021","responseCode":0,"responseMessage":"Success"}"
2021-12-17 11:20:29,870 &amp#27;[32m[main]&amp#27;[0;39m &amp#27;[39mDEBUG&amp#27;[0;39m org.apache.http.wire -  << "{"accessToken":"6752198213e44cec8cf1b67e0e9e274c","tokenExpiryTime":"18-Dec-2021","responseCode":0,"responseMessage":"Success"}"
11:20:29.872 [main] DEBUG o.a.h.wire -  << "[\r][\n]"
2021-12-17 11:20:29,872 &amp#27;[32m[main]&amp#27;[0;39m &amp#27;[39mDEBUG&amp#27;[0;39m org.apache.http.wire -  << "[\r][\n]"
11:20:29.873 [main] DEBUG o.a.h.wire -  << "0[\r][\n]"
2021-12-17 11:20:29,873 &amp#27;[32m[main]&amp#27;[0;39m &amp#27;[39mDEBUG&amp#27;[0;39m org.apache.http.wire -  << "0[\r][\n]"
11:20:29.873 [main] DEBUG o.a.h.wire -  << "[\r][\n]"
2021-12-17 11:20:29,873 &amp#27;[32m[main]&amp#27;[0;39m &amp#27;[39mDEBUG&amp#27;[0;39m org.apache.http.wire -  << "[\r][\n]"
11:20:29.874 [main] DEBUG o.a.h.i.c.BasicClientConnectionManager - Releasing connection org.apache.http.impl.conn.ManagedClientConnectionImpl@6ad1e648
2021-12-17 11:20:29,874 &amp#27;[32m[main]&amp#27;[0;39m &amp#27;[39mDEBUG&amp#27;[0;39m o.a.http.impl.conn.BasicClientConnectionManager - Releasing connection org.apache.http.impl.conn.ManagedClientConnectionImpl@6ad1e648
11:20:29.875 [main] DEBUG o.a.h.i.c.BasicClientConnectionManager - Connection can be kept alive for 60000 MILLISECONDS
2021-12-17 11:20:29,875 &amp#27;[32m[main]&amp#27;[0;39m &amp#27;[39mDEBUG&amp#27;[0;39m o.a.http.impl.conn.BasicClientConnectionManager - Connection can be kept alive for 60000 MILLISECONDS
{
    "accessToken": "6752198213e44cec8cf1b67e0e9e274c",
    "tokenExpiryTime": "18-Dec-2021",
    "responseCode": 0,
    "responseMessage": "Success"
}
11:20:29.902 [main] INFO  c.q.BaseAPI - Response :{
    "accessToken": "6752198213e44cec8cf1b67e0e9e274c",
    "tokenExpiryTime": "18-Dec-2021",
    "responseCode": 0,
    "responseMessage": "Success"
}
2021-12-17 11:20:29,902 &amp#27;[32m[main]&amp#27;[0;39m &amp#27;[34mINFO&amp#27;[0;39m com.qc.BaseAPI - Response :{
    "accessToken": "6752198213e44cec8cf1b67e0e9e274c",
    "tokenExpiryTime": "18-Dec-2021",
    "responseCode": 0,
    "responseMessage": "Success"
}
11:20:29.907 [main] INFO  c.q.BaseAPI -  **** GET call Response time 1098 ms
2021-12-17 11:20:29,907 &amp#27;[32m[main]&amp#27;[0;39m &amp#27;[34mINFO&amp#27;[0;39m com.qc.BaseAPI -  **** GET call Response time 1098 ms
11:20:29.908 [main] INFO  p.r.s.Authorize - Time Taken to perform https://apitest.pineperks.in/auth/V1/generate/token transaction: 1098
2021-12-17 11:20:29,908 &amp#27;[32m[main]&amp#27;[0;39m &amp#27;[34mINFO&amp#27;[0;39m pl.rest.service.Authorize - Time Taken to perform https://apitest.pineperks.in/auth/V1/generate/token transaction: 1098
This is the JSON{"isLinkToBeSentOnMobile":true,"checksum":"5x3GNrnStyS2PkMvV6EeAw==","cardDetailList":[{"amount":"1000","mobileNumber":"8284854535","customerName":"afzal","email":"afzal.ahmed@pinelabs.com"}],"externalRequestId":"NTsyD4P","cardSchemeId":"7"}
11:20:30.001 [main] INFO  c.q.q.u.TestDataReader - Reading Json data authorizeHeaders
2021-12-17 11:20:30,001 &amp#27;[32m[main]&amp#27;[0;39m &amp#27;[34mINFO&amp#27;[0;39m com.qc.qa.utils.TestDataReader - Reading Json data authorizeHeaders
11:20:30.006 [main] INFO  c.q.q.u.TestDataReader - Reading json data from file @ testData/api/devAPIData.json
2021-12-17 11:20:30,006 &amp#27;[32m[main]&amp#27;[0;39m &amp#27;[34mINFO&amp#27;[0;39m com.qc.qa.utils.TestDataReader - Reading json data from file @ testData/api/devAPIData.json
11:20:30.028 [main] INFO  p.r.s.CardIssue - CardIssue Rest API URL :- https://apitest.pineperks.in/card/order/V1/instant/issue/nonreloadable/digital
2021-12-17 11:20:30,028 &amp#27;[32m[main]&amp#27;[0;39m &amp#27;[34mINFO&amp#27;[0;39m pl.rest.service.CardIssue - CardIssue Rest API URL :- https://apitest.pineperks.in/card/order/V1/instant/issue/nonreloadable/digital
11:20:30.029 [main] INFO  c.q.BaseAPI - POST call to URL https://apitest.pineperks.in/card/order/V1/instant/issue/nonreloadable/digital
2021-12-17 11:20:30,029 &amp#27;[32m[main]&amp#27;[0;39m &amp#27;[34mINFO&amp#27;[0;39m com.qc.BaseAPI - POST call to URL https://apitest.pineperks.in/card/order/V1/instant/issue/nonreloadable/digital
11:20:30.040 [main] INFO  c.q.BaseAPI - ********************REQUEST********************
2021-12-17 11:20:30,040 &amp#27;[32m[main]&amp#27;[0;39m &amp#27;[34mINFO&amp#27;[0;39m com.qc.BaseAPI - ********************REQUEST********************
11:20:30.070 [main] DEBUG o.a.h.i.c.BasicClientConnectionManager - Get connection for route {s}->https://apitest.pineperks.in:443
2021-12-17 11:20:30,070 &amp#27;[32m[main]&amp#27;[0;39m &amp#27;[39mDEBUG&amp#27;[0;39m o.a.http.impl.conn.BasicClientConnectionManager - Get connection for route {s}->https://apitest.pineperks.in:443
11:20:30.071 [main] DEBUG o.a.h.i.c.DefaultClientConnectionOperator - Connecting to apitest.pineperks.in:443
2021-12-17 11:20:30,071 &amp#27;[32m[main]&amp#27;[0;39m &amp#27;[39mDEBUG&amp#27;[0;39m o.a.http.impl.conn.DefaultClientConnectionOperator - Connecting to apitest.pineperks.in:443
11:20:30.183 [main] DEBUG o.a.h.c.p.RequestAddCookies - CookieSpec selected: ignoreCookies
2021-12-17 11:20:30,183 &amp#27;[32m[main]&amp#27;[0;39m &amp#27;[39mDEBUG&amp#27;[0;39m org.apache.http.client.protocol.RequestAddCookies - CookieSpec selected: ignoreCookies
11:20:30.184 [main] DEBUG o.a.h.c.p.RequestAuthCache - Auth cache not set in the context
2021-12-17 11:20:30,184 &amp#27;[32m[main]&amp#27;[0;39m &amp#27;[39mDEBUG&amp#27;[0;39m org.apache.http.client.protocol.RequestAuthCache - Auth cache not set in the context
11:20:30.185 [main] DEBUG o.a.h.c.p.RequestTargetAuthentication - Target auth state: UNCHALLENGED
2021-12-17 11:20:30,185 &amp#27;[32m[main]&amp#27;[0;39m &amp#27;[39mDEBUG&amp#27;[0;39m o.a.h.client.protocol.RequestTargetAuthentication - Target auth state: UNCHALLENGED
11:20:30.186 [main] DEBUG o.a.h.c.p.RequestProxyAuthentication - Proxy auth state: UNCHALLENGED
2021-12-17 11:20:30,186 &amp#27;[32m[main]&amp#27;[0;39m &amp#27;[39mDEBUG&amp#27;[0;39m o.a.h.client.protocol.RequestProxyAuthentication - Proxy auth state: UNCHALLENGED
11:20:30.186 [main] DEBUG o.a.h.i.c.DefaultHttpClient - Attempt 1 to execute request
2021-12-17 11:20:30,186 &amp#27;[32m[main]&amp#27;[0;39m &amp#27;[39mDEBUG&amp#27;[0;39m org.apache.http.impl.client.DefaultHttpClient - Attempt 1 to execute request
11:20:30.187 [main] DEBUG o.a.h.i.c.DefaultClientConnection - Sending request: POST /card/order/V1/instant/issue/nonreloadable/digital HTTP/1.1
2021-12-17 11:20:30,187 &amp#27;[32m[main]&amp#27;[0;39m &amp#27;[39mDEBUG&amp#27;[0;39m org.apache.http.impl.conn.DefaultClientConnection - Sending request: POST /card/order/V1/instant/issue/nonreloadable/digital HTTP/1.1
11:20:30.188 [main] DEBUG o.a.h.wire -  >> "POST /card/order/V1/instant/issue/nonreloadable/digital HTTP/1.1[\r][\n]"
2021-12-17 11:20:30,188 &amp#27;[32m[main]&amp#27;[0;39m &amp#27;[39mDEBUG&amp#27;[0;39m org.apache.http.wire -  >> "POST /card/order/V1/instant/issue/nonreloadable/digital HTTP/1.1[\r][\n]"
11:20:30.189 [main] DEBUG o.a.h.wire -  >> "Accept: */*[\r][\n]"
2021-12-17 11:20:30,189 &amp#27;[32m[main]&amp#27;[0;39m &amp#27;[39mDEBUG&amp#27;[0;39m org.apache.http.wire -  >> "Accept: */*[\r][\n]"
11:20:30.189 [main] DEBUG o.a.h.wire -  >> "userName: t3azPwts/6OSPTFxhCdYug==[\r][\n]"
2021-12-17 11:20:30,189 &amp#27;[32m[main]&amp#27;[0;39m &amp#27;[39mDEBUG&amp#27;[0;39m org.apache.http.wire -  >> "userName: t3azPwts/6OSPTFxhCdYug==[\r][\n]"
11:20:30.190 [main] DEBUG o.a.h.wire -  >> "token: 6752198213e44cec8cf1b67e0e9e274c[\r][\n]"
2021-12-17 11:20:30,190 &amp#27;[32m[main]&amp#27;[0;39m &amp#27;[39mDEBUG&amp#27;[0;39m org.apache.http.wire -  >> "token: 6752198213e44cec8cf1b67e0e9e274c[\r][\n]"
11:20:30.191 [main] DEBUG o.a.h.wire -  >> "Content-Type: application/json; charset=UTF-8[\r][\n]"
2021-12-17 11:20:30,191 &amp#27;[32m[main]&amp#27;[0;39m &amp#27;[39mDEBUG&amp#27;[0;39m org.apache.http.wire -  >> "Content-Type: application/json; charset=UTF-8[\r][\n]"
11:20:30.191 [main] DEBUG o.a.h.wire -  >> "Content-Length: 241[\r][\n]"
2021-12-17 11:20:30,191 &amp#27;[32m[main]&amp#27;[0;39m &amp#27;[39mDEBUG&amp#27;[0;39m org.apache.http.wire -  >> "Content-Length: 241[\r][\n]"
11:20:30.192 [main] DEBUG o.a.h.wire -  >> "Host: apitest.pineperks.in[\r][\n]"
2021-12-17 11:20:30,192 &amp#27;[32m[main]&amp#27;[0;39m &amp#27;[39mDEBUG&amp#27;[0;39m org.apache.http.wire -  >> "Host: apitest.pineperks.in[\r][\n]"
11:20:30.193 [main] DEBUG o.a.h.wire -  >> "Connection: Keep-Alive[\r][\n]"
2021-12-17 11:20:30,193 &amp#27;[32m[main]&amp#27;[0;39m &amp#27;[39mDEBUG&amp#27;[0;39m org.apache.http.wire -  >> "Connection: Keep-Alive[\r][\n]"
11:20:30.193 [main] DEBUG o.a.h.wire -  >> "User-Agent: Apache-HttpClient/4.5.2 (Java/1.8.0_202)[\r][\n]"
2021-12-17 11:20:30,193 &amp#27;[32m[main]&amp#27;[0;39m &amp#27;[39mDEBUG&amp#27;[0;39m org.apache.http.wire -  >> "User-Agent: Apache-HttpClient/4.5.2 (Java/1.8.0_202)[\r][\n]"
11:20:30.195 [main] DEBUG o.a.h.wire -  >> "Accept-Encoding: gzip,deflate[\r][\n]"
2021-12-17 11:20:30,195 &amp#27;[32m[main]&amp#27;[0;39m &amp#27;[39mDEBUG&amp#27;[0;39m org.apache.http.wire -  >> "Accept-Encoding: gzip,deflate[\r][\n]"
11:20:30.195 [main] DEBUG o.a.h.wire -  >> "[\r][\n]"
2021-12-17 11:20:30,195 &amp#27;[32m[main]&amp#27;[0;39m &amp#27;[39mDEBUG&amp#27;[0;39m org.apache.http.wire -  >> "[\r][\n]"
11:20:30.196 [main] DEBUG o.a.h.headers - >> POST /card/order/V1/instant/issue/nonreloadable/digital HTTP/1.1
2021-12-17 11:20:30,196 &amp#27;[32m[main]&amp#27;[0;39m &amp#27;[39mDEBUG&amp#27;[0;39m org.apache.http.headers - >> POST /card/order/V1/instant/issue/nonreloadable/digital HTTP/1.1
11:20:30.197 [main] DEBUG o.a.h.headers - >> Accept: */*
2021-12-17 11:20:30,197 &amp#27;[32m[main]&amp#27;[0;39m &amp#27;[39mDEBUG&amp#27;[0;39m org.apache.http.headers - >> Accept: */*
11:20:30.198 [main] DEBUG o.a.h.headers - >> userName: t3azPwts/6OSPTFxhCdYug==
2021-12-17 11:20:30,198 &amp#27;[32m[main]&amp#27;[0;39m &amp#27;[39mDEBUG&amp#27;[0;39m org.apache.http.headers - >> userName: t3azPwts/6OSPTFxhCdYug==
11:20:30.198 [main] DEBUG o.a.h.headers - >> token: 6752198213e44cec8cf1b67e0e9e274c
2021-12-17 11:20:30,198 &amp#27;[32m[main]&amp#27;[0;39m &amp#27;[39mDEBUG&amp#27;[0;39m org.apache.http.headers - >> token: 6752198213e44cec8cf1b67e0e9e274c
11:20:30.199 [main] DEBUG o.a.h.headers - >> Content-Type: application/json; charset=UTF-8
2021-12-17 11:20:30,199 &amp#27;[32m[main]&amp#27;[0;39m &amp#27;[39mDEBUG&amp#27;[0;39m org.apache.http.headers - >> Content-Type: application/json; charset=UTF-8
11:20:30.199 [main] DEBUG o.a.h.headers - >> Content-Length: 241
2021-12-17 11:20:30,199 &amp#27;[32m[main]&amp#27;[0;39m &amp#27;[39mDEBUG&amp#27;[0;39m org.apache.http.headers - >> Content-Length: 241
11:20:30.200 [main] DEBUG o.a.h.headers - >> Host: apitest.pineperks.in
2021-12-17 11:20:30,200 &amp#27;[32m[main]&amp#27;[0;39m &amp#27;[39mDEBUG&amp#27;[0;39m org.apache.http.headers - >> Host: apitest.pineperks.in
11:20:30.200 [main] DEBUG o.a.h.headers - >> Connection: Keep-Alive
2021-12-17 11:20:30,200 &amp#27;[32m[main]&amp#27;[0;39m &amp#27;[39mDEBUG&amp#27;[0;39m org.apache.http.headers - >> Connection: Keep-Alive
11:20:30.203 [main] DEBUG o.a.h.headers - >> User-Agent: Apache-HttpClient/4.5.2 (Java/1.8.0_202)
2021-12-17 11:20:30,203 &amp#27;[32m[main]&amp#27;[0;39m &amp#27;[39mDEBUG&amp#27;[0;39m org.apache.http.headers - >> User-Agent: Apache-HttpClient/4.5.2 (Java/1.8.0_202)
11:20:30.204 [main] DEBUG o.a.h.headers - >> Accept-Encoding: gzip,deflate
2021-12-17 11:20:30,204 &amp#27;[32m[main]&amp#27;[0;39m &amp#27;[39mDEBUG&amp#27;[0;39m org.apache.http.headers - >> Accept-Encoding: gzip,deflate
11:20:30.205 [main] DEBUG o.a.h.wire -  >> "{"isLinkToBeSentOnMobile":true,"checksum":"5x3GNrnStyS2PkMvV6EeAw==","cardDetailList":[{"amount":"1000","mobileNumber":"8284854535","customerName":"afzal","email":"afzal.ahmed@pinelabs.com"}],"externalRequestId":"NTsyD4P","cardSchemeId":"7"}"
2021-12-17 11:20:30,205 &amp#27;[32m[main]&amp#27;[0;39m &amp#27;[39mDEBUG&amp#27;[0;39m org.apache.http.wire -  >> "{"isLinkToBeSentOnMobile":true,"checksum":"5x3GNrnStyS2PkMvV6EeAw==","cardDetailList":[{"amount":"1000","mobileNumber":"8284854535","customerName":"afzal","email":"afzal.ahmed@pinelabs.com"}],"externalRequestId":"NTsyD4P","cardSchemeId":"7"}"
11:20:30.894 [main] DEBUG o.a.h.wire -  << "HTTP/1.1 200 [\r][\n]"
2021-12-17 11:20:30,894 &amp#27;[32m[main]&amp#27;[0;39m &amp#27;[39mDEBUG&amp#27;[0;39m org.apache.http.wire -  << "HTTP/1.1 200 [\r][\n]"
11:20:30.897 [main] DEBUG o.a.h.wire -  << "Access-Control-Allow-Methods: GET, POST[\r][\n]"
2021-12-17 11:20:30,897 &amp#27;[32m[main]&amp#27;[0;39m &amp#27;[39mDEBUG&amp#27;[0;39m org.apache.http.wire -  << "Access-Control-Allow-Methods: GET, POST[\r][\n]"
11:20:30.899 [main] DEBUG o.a.h.wire -  << "Access-Control-Allow-Origin: *[\r][\n]"
2021-12-17 11:20:30,899 &amp#27;[32m[main]&amp#27;[0;39m &amp#27;[39mDEBUG&amp#27;[0;39m org.apache.http.wire -  << "Access-Control-Allow-Origin: *[\r][\n]"
11:20:30.900 [main] DEBUG o.a.h.wire -  << "Content-Security-Policy: default-src 'none'[\r][\n]"
2021-12-17 11:20:30,900 &amp#27;[32m[main]&amp#27;[0;39m &amp#27;[39mDEBUG&amp#27;[0;39m org.apache.http.wire -  << "Content-Security-Policy: default-src 'none'[\r][\n]"
11:20:30.902 [main] DEBUG o.a.h.wire -  << "Feature-Policy: 'none'[\r][\n]"
2021-12-17 11:20:30,902 &amp#27;[32m[main]&amp#27;[0;39m &amp#27;[39mDEBUG&amp#27;[0;39m org.apache.http.wire -  << "Feature-Policy: 'none'[\r][\n]"
11:20:30.903 [main] DEBUG o.a.h.wire -  << "Referrer-Policy: no-referrer[\r][\n]"
2021-12-17 11:20:30,903 &amp#27;[32m[main]&amp#27;[0;39m &amp#27;[39mDEBUG&amp#27;[0;39m org.apache.http.wire -  << "Referrer-Policy: no-referrer[\r][\n]"
11:20:30.905 [main] DEBUG o.a.h.wire -  << "Strict-Transport-Security: max-age=31536000 ; includeSubDomains[\r][\n]"
2021-12-17 11:20:30,905 &amp#27;[32m[main]&amp#27;[0;39m &amp#27;[39mDEBUG&amp#27;[0;39m org.apache.http.wire -  << "Strict-Transport-Security: max-age=31536000 ; includeSubDomains[\r][\n]"
11:20:30.906 [main] DEBUG o.a.h.wire -  << "Date: Fri, 17 Dec 2021 05:50:30 GMT[\r][\n]"
2021-12-17 11:20:30,906 &amp#27;[32m[main]&amp#27;[0;39m &amp#27;[39mDEBUG&amp#27;[0;39m org.apache.http.wire -  << "Date: Fri, 17 Dec 2021 05:50:30 GMT[\r][\n]"
11:20:30.908 [main] DEBUG o.a.h.wire -  << "Keep-Alive: timeout=60[\r][\n]"
2021-12-17 11:20:30,908 &amp#27;[32m[main]&amp#27;[0;39m &amp#27;[39mDEBUG&amp#27;[0;39m org.apache.http.wire -  << "Keep-Alive: timeout=60[\r][\n]"
11:20:30.909 [main] DEBUG o.a.h.wire -  << "Content-Type: application/json[\r][\n]"
2021-12-17 11:20:30,909 &amp#27;[32m[main]&amp#27;[0;39m &amp#27;[39mDEBUG&amp#27;[0;39m org.apache.http.wire -  << "Content-Type: application/json[\r][\n]"
11:20:30.912 [main] DEBUG o.a.h.wire -  << "Transfer-Encoding: chunked[\r][\n]"
2021-12-17 11:20:30,912 &amp#27;[32m[main]&amp#27;[0;39m &amp#27;[39mDEBUG&amp#27;[0;39m org.apache.http.wire -  << "Transfer-Encoding: chunked[\r][\n]"
11:20:30.913 [main] DEBUG o.a.h.wire -  << "Connection: keep-alive[\r][\n]"
2021-12-17 11:20:30,913 &amp#27;[32m[main]&amp#27;[0;39m &amp#27;[39mDEBUG&amp#27;[0;39m org.apache.http.wire -  << "Connection: keep-alive[\r][\n]"
11:20:30.914 [main] DEBUG o.a.h.wire -  << "[\r][\n]"
2021-12-17 11:20:30,914 &amp#27;[32m[main]&amp#27;[0;39m &amp#27;[39mDEBUG&amp#27;[0;39m org.apache.http.wire -  << "[\r][\n]"
11:20:30.921 [main] DEBUG o.a.h.i.c.DefaultClientConnection - Receiving response: HTTP/1.1 200 
2021-12-17 11:20:30,921 &amp#27;[32m[main]&amp#27;[0;39m &amp#27;[39mDEBUG&amp#27;[0;39m org.apache.http.impl.conn.DefaultClientConnection - Receiving response: HTTP/1.1 200 
11:20:30.922 [main] DEBUG o.a.h.headers - << HTTP/1.1 200 
2021-12-17 11:20:30,922 &amp#27;[32m[main]&amp#27;[0;39m &amp#27;[39mDEBUG&amp#27;[0;39m org.apache.http.headers - << HTTP/1.1 200 
11:20:30.923 [main] DEBUG o.a.h.headers - << Access-Control-Allow-Methods: GET, POST
2021-12-17 11:20:30,923 &amp#27;[32m[main]&amp#27;[0;39m &amp#27;[39mDEBUG&amp#27;[0;39m org.apache.http.headers - << Access-Control-Allow-Methods: GET, POST
11:20:30.924 [main] DEBUG o.a.h.headers - << Access-Control-Allow-Origin: *
2021-12-17 11:20:30,924 &amp#27;[32m[main]&amp#27;[0;39m &amp#27;[39mDEBUG&amp#27;[0;39m org.apache.http.headers - << Access-Control-Allow-Origin: *
11:20:30.925 [main] DEBUG o.a.h.headers - << Content-Security-Policy: default-src 'none'
2021-12-17 11:20:30,925 &amp#27;[32m[main]&amp#27;[0;39m &amp#27;[39mDEBUG&amp#27;[0;39m org.apache.http.headers - << Content-Security-Policy: default-src 'none'
11:20:30.925 [main] DEBUG o.a.h.headers - << Feature-Policy: 'none'
2021-12-17 11:20:30,925 &amp#27;[32m[main]&amp#27;[0;39m &amp#27;[39mDEBUG&amp#27;[0;39m org.apache.http.headers - << Feature-Policy: 'none'
11:20:30.926 [main] DEBUG o.a.h.headers - << Referrer-Policy: no-referrer
2021-12-17 11:20:30,926 &amp#27;[32m[main]&amp#27;[0;39m &amp#27;[39mDEBUG&amp#27;[0;39m org.apache.http.headers - << Referrer-Policy: no-referrer
11:20:30.926 [main] DEBUG o.a.h.headers - << Strict-Transport-Security: max-age=31536000 ; includeSubDomains
2021-12-17 11:20:30,926 &amp#27;[32m[main]&amp#27;[0;39m &amp#27;[39mDEBUG&amp#27;[0;39m org.apache.http.headers - << Strict-Transport-Security: max-age=31536000 ; includeSubDomains
11:20:30.927 [main] DEBUG o.a.h.headers - << Date: Fri, 17 Dec 2021 05:50:30 GMT
2021-12-17 11:20:30,927 &amp#27;[32m[main]&amp#27;[0;39m &amp#27;[39mDEBUG&amp#27;[0;39m org.apache.http.headers - << Date: Fri, 17 Dec 2021 05:50:30 GMT
11:20:30.928 [main] DEBUG o.a.h.headers - << Keep-Alive: timeout=60
2021-12-17 11:20:30,928 &amp#27;[32m[main]&amp#27;[0;39m &amp#27;[39mDEBUG&amp#27;[0;39m org.apache.http.headers - << Keep-Alive: timeout=60
11:20:30.928 [main] DEBUG o.a.h.headers - << Content-Type: application/json
2021-12-17 11:20:30,928 &amp#27;[32m[main]&amp#27;[0;39m &amp#27;[39mDEBUG&amp#27;[0;39m org.apache.http.headers - << Content-Type: application/json
11:20:30.929 [main] DEBUG o.a.h.headers - << Transfer-Encoding: chunked
2021-12-17 11:20:30,929 &amp#27;[32m[main]&amp#27;[0;39m &amp#27;[39mDEBUG&amp#27;[0;39m org.apache.http.headers - << Transfer-Encoding: chunked
11:20:30.929 [main] DEBUG o.a.h.headers - << Connection: keep-alive
2021-12-17 11:20:30,929 &amp#27;[32m[main]&amp#27;[0;39m &amp#27;[39mDEBUG&amp#27;[0;39m org.apache.http.headers - << Connection: keep-alive
11:20:30.930 [main] DEBUG o.a.h.i.c.DefaultHttpClient - Connection can be kept alive for 60000 MILLISECONDS
2021-12-17 11:20:30,930 &amp#27;[32m[main]&amp#27;[0;39m &amp#27;[39mDEBUG&amp#27;[0;39m org.apache.http.impl.client.DefaultHttpClient - Connection can be kept alive for 60000 MILLISECONDS
11:20:30.932 [main] DEBUG i.r.i.RequestSpecificationImpl$RestAssuredHttpBuilder - Parsing response as: application/json
2021-12-17 11:20:30,932 &amp#27;[32m[main]&amp#27;[0;39m &amp#27;[39mDEBUG&amp#27;[0;39m i.r.i.RequestSpecificationImpl$RestAssuredHttpBuilder - Parsing response as: application/json
11:20:30.933 [main] DEBUG i.r.i.RequestSpecificationImpl$RestAssuredHttpBuilder - Parsed data to instance of: class org.apache.http.conn.EofSensorInputStream
2021-12-17 11:20:30,933 &amp#27;[32m[main]&amp#27;[0;39m &amp#27;[39mDEBUG&amp#27;[0;39m i.r.i.RequestSpecificationImpl$RestAssuredHttpBuilder - Parsed data to instance of: class org.apache.http.conn.EofSensorInputStream
11:20:30.934 [main] INFO  c.q.BaseAPI - Method :POST
2021-12-17 11:20:30,934 &amp#27;[32m[main]&amp#27;[0;39m &amp#27;[34mINFO&amp#27;[0;39m com.qc.BaseAPI - Method :POST
11:20:30.936 [main] INFO  c.q.BaseAPI - URI :https://apitest.pineperks.in/card/order/V1/instant/issue/nonreloadable/digital
2021-12-17 11:20:30,936 &amp#27;[32m[main]&amp#27;[0;39m &amp#27;[34mINFO&amp#27;[0;39m com.qc.BaseAPI - URI :https://apitest.pineperks.in/card/order/V1/instant/issue/nonreloadable/digital
11:20:30.937 [main] INFO  c.q.BaseAPI - Headers :token=6752198213e44cec8cf1b67e0e9e274c
userName=t3azPwts/6OSPTFxhCdYug==
Accept=*/*
Content-Type=application/json; charset=UTF-8
2021-12-17 11:20:30,937 &amp#27;[32m[main]&amp#27;[0;39m &amp#27;[34mINFO&amp#27;[0;39m com.qc.BaseAPI - Headers :token=6752198213e44cec8cf1b67e0e9e274c
userName=t3azPwts/6OSPTFxhCdYug==
Accept=*/*
Content-Type=application/json; charset=UTF-8
11:20:30.937 [main] INFO  c.q.BaseAPI - Body :{"isLinkToBeSentOnMobile":true,"checksum":"5x3GNrnStyS2PkMvV6EeAw==","cardDetailList":[{"amount":"1000","mobileNumber":"8284854535","customerName":"afzal","email":"afzal.ahmed@pinelabs.com"}],"externalRequestId":"NTsyD4P","cardSchemeId":"7"}
2021-12-17 11:20:30,937 &amp#27;[32m[main]&amp#27;[0;39m &amp#27;[34mINFO&amp#27;[0;39m com.qc.BaseAPI - Body :{"isLinkToBeSentOnMobile":true,"checksum":"5x3GNrnStyS2PkMvV6EeAw==","cardDetailList":[{"amount":"1000","mobileNumber":"8284854535","customerName":"afzal","email":"afzal.ahmed@pinelabs.com"}],"externalRequestId":"NTsyD4P","cardSchemeId":"7"}
11:20:30.938 [main] INFO  c.q.BaseAPI - ********************RESPONSE********************
2021-12-17 11:20:30,938 &amp#27;[32m[main]&amp#27;[0;39m &amp#27;[34mINFO&amp#27;[0;39m com.qc.BaseAPI - ********************RESPONSE********************
11:20:30.939 [main] DEBUG o.a.h.wire -  << "1ef[\r][\n]"
2021-12-17 11:20:30,939 &amp#27;[32m[main]&amp#27;[0;39m &amp#27;[39mDEBUG&amp#27;[0;39m org.apache.http.wire -  << "1ef[\r][\n]"
11:20:30.939 [main] DEBUG o.a.h.wire -  << "{"externalRequestId":"NTsyD4P","orderId":12502,"orderStatus":6,"cardDetailResponseList":[{"referenceNumber":9823642963,"serialNumber":12502000010001,"customerName":"afzal","mobileNumber":8284854535,"email":"afzal.ahmed@pinelabs.com","amount":1000,"cardLink":"test.pineperks.in/eCard?c=-.UahyShBdgunXZoyP015g2","responseCode":0,"responseMessage":"Success"}],"successCount":1,"failedCount":0,"orderAmount":1000,"issuanceCharge":0,"netOrderAmount":1000,"responseCode":0,"responseMessage":"Success"}"
2021-12-17 11:20:30,939 &amp#27;[32m[main]&amp#27;[0;39m &amp#27;[39mDEBUG&amp#27;[0;39m org.apache.http.wire -  << "{"externalRequestId":"NTsyD4P","orderId":12502,"orderStatus":6,"cardDetailResponseList":[{"referenceNumber":9823642963,"serialNumber":12502000010001,"customerName":"afzal","mobileNumber":8284854535,"email":"afzal.ahmed@pinelabs.com","amount":1000,"cardLink":"test.pineperks.in/eCard?c=-.UahyShBdgunXZoyP015g2","responseCode":0,"responseMessage":"Success"}],"successCount":1,"failedCount":0,"orderAmount":1000,"issuanceCharge":0,"netOrderAmount":1000,"responseCode":0,"responseMessage":"Success"}"
11:20:30.940 [main] DEBUG o.a.h.wire -  << "[\r][\n]"
2021-12-17 11:20:30,940 &amp#27;[32m[main]&amp#27;[0;39m &amp#27;[39mDEBUG&amp#27;[0;39m org.apache.http.wire -  << "[\r][\n]"
11:20:30.940 [main] DEBUG o.a.h.wire -  << "0[\r][\n]"
2021-12-17 11:20:30,940 &amp#27;[32m[main]&amp#27;[0;39m &amp#27;[39mDEBUG&amp#27;[0;39m org.apache.http.wire -  << "0[\r][\n]"
11:20:30.940 [main] DEBUG o.a.h.wire -  << "[\r][\n]"
2021-12-17 11:20:30,940 &amp#27;[32m[main]&amp#27;[0;39m &amp#27;[39mDEBUG&amp#27;[0;39m org.apache.http.wire -  << "[\r][\n]"
11:20:30.941 [main] DEBUG o.a.h.i.c.BasicClientConnectionManager - Releasing connection org.apache.http.impl.conn.ManagedClientConnectionImpl@447a7fd9
2021-12-17 11:20:30,941 &amp#27;[32m[main]&amp#27;[0;39m &amp#27;[39mDEBUG&amp#27;[0;39m o.a.http.impl.conn.BasicClientConnectionManager - Releasing connection org.apache.http.impl.conn.ManagedClientConnectionImpl@447a7fd9
11:20:30.941 [main] DEBUG o.a.h.i.c.BasicClientConnectionManager - Connection can be kept alive for 60000 MILLISECONDS
2021-12-17 11:20:30,941 &amp#27;[32m[main]&amp#27;[0;39m &amp#27;[39mDEBUG&amp#27;[0;39m o.a.http.impl.conn.BasicClientConnectionManager - Connection can be kept alive for 60000 MILLISECONDS
{
    "externalRequestId": "NTsyD4P",
    "orderId": 12502,
    "orderStatus": 6,
    "cardDetailResponseList": [
        {
            "referenceNumber": 9823642963,
            "serialNumber": 12502000010001,
            "customerName": "afzal",
            "mobileNumber": 8284854535,
            "email": "afzal.ahmed@pinelabs.com",
            "amount": 1000,
            "cardLink": "test.pineperks.in/eCard?c=-.UahyShBdgunXZoyP015g2",
            "responseCode": 0,
            "responseMessage": "Success"
        }
    ],
    "successCount": 1,
    "failedCount": 0,
    "orderAmount": 1000,
    "issuanceCharge": 0,
    "netOrderAmount": 1000,
    "responseCode": 0,
    "responseMessage": "Success"
}
11:20:30.944 [main] INFO  c.q.BaseAPI - Response :{
    "externalRequestId": "NTsyD4P",
    "orderId": 12502,
    "orderStatus": 6,
    "cardDetailResponseList": [
        {
            "referenceNumber": 9823642963,
            "serialNumber": 12502000010001,
            "customerName": "afzal",
            "mobileNumber": 8284854535,
            "email": "afzal.ahmed@pinelabs.com",
            "amount": 1000,
            "cardLink": "test.pineperks.in/eCard?c=-.UahyShBdgunXZoyP015g2",
            "responseCode": 0,
            "responseMessage": "Success"
        }
    ],
    "successCount": 1,
    "failedCount": 0,
    "orderAmount": 1000,
    "issuanceCharge": 0,
    "netOrderAmount": 1000,
    "responseCode": 0,
    "responseMessage": "Success"
}
2021-12-17 11:20:30,944 &amp#27;[32m[main]&amp#27;[0;39m &amp#27;[34mINFO&amp#27;[0;39m com.qc.BaseAPI - Response :{
    "externalRequestId": "NTsyD4P",
    "orderId": 12502,
    "orderStatus": 6,
    "cardDetailResponseList": [
        {
            "referenceNumber": 9823642963,
            "serialNumber": 12502000010001,
            "customerName": "afzal",
            "mobileNumber": 8284854535,
            "email": "afzal.ahmed@pinelabs.com",
            "amount": 1000,
            "cardLink": "test.pineperks.in/eCard?c=-.UahyShBdgunXZoyP015g2",
            "responseCode": 0,
            "responseMessage": "Success"
        }
    ],
    "successCount": 1,
    "failedCount": 0,
    "orderAmount": 1000,
    "issuanceCharge": 0,
    "netOrderAmount": 1000,
    "responseCode": 0,
    "responseMessage": "Success"
}
11:20:30.945 [main] INFO  c.q.BaseAPI -  **** POST call Response time 890 ms
2021-12-17 11:20:30,945 &amp#27;[32m[main]&amp#27;[0;39m &amp#27;[34mINFO&amp#27;[0;39m com.qc.BaseAPI -  **** POST call Response time 890 ms
11:20:30.945 [main] INFO  p.r.s.CardIssue - Time Taken to perform https://apitest.pineperks.in/card/order/V1/instant/issue/nonreloadable/digital transaction: 890
2021-12-17 11:20:30,945 &amp#27;[32m[main]&amp#27;[0;39m &amp#27;[34mINFO&amp#27;[0;39m pl.rest.service.CardIssue - Time Taken to perform https://apitest.pineperks.in/card/order/V1/instant/issue/nonreloadable/digital transaction: 890
Expected: afzal ::carddetails::  Actual Value: afzal
Expected: 8284854535 ::carddetails::  Actual Value: 8284854535
Expected: afzal.ahmed@pinelabs.com ::carddetails::  Actual Value: afzal.ahmed@pinelabs.com
Expected: 1000 ::carddetails::  Actual Value: 1000
Expected: 0 ::carddetails::  Actual Value: 0
Expected: Success ::carddetails::  Actual Value: Success
11:20:31.297 [main] INFO  p.r.s.TransactionsStepDefs - referenceNumber isnull
2021-12-17 11:20:31,297 &amp#27;[32m[main]&amp#27;[0;39m &amp#27;[34mINFO&amp#27;[0;39m pl.rest.stepDefs.TransactionsStepDefs - referenceNumber isnull
11:20:31.298 [main] INFO  p.r.u.DBUtils - Fetching card details from card table, using Query:  Select CorporateId,CardSchemeId,ActivationEmail,ActivationEmail,ActivationMobileNumber from card AS bigint where ReferenceNumber=convert(bigint, 1789154895);
2021-12-17 11:20:31,298 &amp#27;[32m[main]&amp#27;[0;39m &amp#27;[34mINFO&amp#27;[0;39m pl.rest.utils.DBUtils - Fetching card details from card table, using Query:  Select CorporateId,CardSchemeId,ActivationEmail,ActivationEmail,ActivationMobileNumber from card AS bigint where ReferenceNumber=convert(bigint, 1789154895);
11:20:31.334 [main] ERROR c.q.q.u.LoadProperties - Missing MySQLDBEnvironment property value in system property or in config.properties files.Please add it if incase required
2021-12-17 11:20:31,334 &amp#27;[32m[main]&amp#27;[0;39m &amp#27;[1;31mERROR&amp#27;[0;39m com.qc.qa.utils.LoadProperties - Missing MySQLDBEnvironment property value in system property or in config.properties files.Please add it if incase required
11:20:31.337 [main] INFO  c.q.q.d.DBPoolProvider - Con pool Total - 400, idle - 0,  Num active - 0
2021-12-17 11:20:31,337 &amp#27;[32m[main]&amp#27;[0;39m &amp#27;[34mINFO&amp#27;[0;39m com.qc.qa.dbutils.DBPoolProvider - Con pool Total - 400, idle - 0,  Num active - 0
11:20:31.337 [main] INFO  c.q.q.d.DBPoolProvider - Retrieved connection
2021-12-17 11:20:31,337 &amp#27;[32m[main]&amp#27;[0;39m &amp#27;[34mINFO&amp#27;[0;39m com.qc.qa.dbutils.DBPoolProvider - Retrieved connection
]]></system-out>
  </testcase>
  <testcase name="runScenario" classname="pl.rest.testRunners.TestRunner" time="19.93">
    <failure message="Cannot create PoolableConnectionFactory (The TCP/IP connection to the host 192.168.104.22, port 6135 has failed. Error: &quot;Connection timed out: no further information.. Verify the connection properties. Make sure that an instance of SQL Server is running on the host and accepting TCP/IP connections at the port. Make sure that TCP connections to the port are not blocked by a firewall.&quot;.)" type="java.sql.SQLException">java.sql.SQLException: Cannot create PoolableConnectionFactory (The TCP/IP connection to the host 192.168.104.22, port 6135 has failed. Error: "Connection timed out: no further information.. Verify the connection properties. Make sure that an instance of SQL Server is running on the host and accepting TCP/IP connections at the port. Make sure that TCP connections to the port are not blocked by a firewall.".)
Caused by: com.microsoft.sqlserver.jdbc.SQLServerException: The TCP/IP connection to the host 192.168.104.22, port 6135 has failed. Error: "Connection timed out: no further information.. Verify the connection properties. Make sure that an instance of SQL Server is running on the host and accepting TCP/IP connections at the port. Make sure that TCP connections to the port are not blocked by a firewall.".
</failure>
    <system-out><![CDATA[11:20:46.640 [main] INFO  p.r.s.Authorize - Authorize Rest API URL :- https://apitest.pineperks.in/auth/V1/generate/token
2021-12-17 11:20:46,640 &amp#27;[32m[main]&amp#27;[0;39m &amp#27;[34mINFO&amp#27;[0;39m pl.rest.service.Authorize - Authorize Rest API URL :- https://apitest.pineperks.in/auth/V1/generate/token
11:20:50.134 [main] INFO  c.q.BaseAPI - GET call to URL https://apitest.pineperks.in/auth/V1/generate/token
2021-12-17 11:20:50,134 &amp#27;[32m[main]&amp#27;[0;39m &amp#27;[34mINFO&amp#27;[0;39m com.qc.BaseAPI - GET call to URL https://apitest.pineperks.in/auth/V1/generate/token
11:20:50.138 [main] INFO  c.q.BaseAPI - ********************REQUEST********************
2021-12-17 11:20:50,138 &amp#27;[32m[main]&amp#27;[0;39m &amp#27;[34mINFO&amp#27;[0;39m com.qc.BaseAPI - ********************REQUEST********************
Request method:	GET
Request URI:	https://apitest.pineperks.in/auth/V1/generate/token
Proxy:			<none>
Request params:	<none>
Query params:	<none>
Form params:	<none>
Path params:	<none>
Headers:		userName=t3azPwts/6OSPTFxhCdYug==
				Accept=*/*
				Content-Type=application/json; charset=UTF-8
Cookies:		<none>
Multiparts:		<none>
Body:			<none>
11:20:50.147 [main] DEBUG o.a.h.i.c.BasicClientConnectionManager - Get connection for route {s}->https://apitest.pineperks.in:443
2021-12-17 11:20:50,147 &amp#27;[32m[main]&amp#27;[0;39m &amp#27;[39mDEBUG&amp#27;[0;39m o.a.http.impl.conn.BasicClientConnectionManager - Get connection for route {s}->https://apitest.pineperks.in:443
11:20:50.148 [main] DEBUG o.a.h.i.c.DefaultClientConnectionOperator - Connecting to apitest.pineperks.in:443
2021-12-17 11:20:50,148 &amp#27;[32m[main]&amp#27;[0;39m &amp#27;[39mDEBUG&amp#27;[0;39m o.a.http.impl.conn.DefaultClientConnectionOperator - Connecting to apitest.pineperks.in:443
11:20:50.260 [main] DEBUG o.a.h.c.p.RequestAddCookies - CookieSpec selected: ignoreCookies
2021-12-17 11:20:50,260 &amp#27;[32m[main]&amp#27;[0;39m &amp#27;[39mDEBUG&amp#27;[0;39m org.apache.http.client.protocol.RequestAddCookies - CookieSpec selected: ignoreCookies
11:20:50.262 [main] DEBUG o.a.h.c.p.RequestAuthCache - Auth cache not set in the context
2021-12-17 11:20:50,262 &amp#27;[32m[main]&amp#27;[0;39m &amp#27;[39mDEBUG&amp#27;[0;39m org.apache.http.client.protocol.RequestAuthCache - Auth cache not set in the context
11:20:50.263 [main] DEBUG o.a.h.c.p.RequestTargetAuthentication - Target auth state: UNCHALLENGED
2021-12-17 11:20:50,263 &amp#27;[32m[main]&amp#27;[0;39m &amp#27;[39mDEBUG&amp#27;[0;39m o.a.h.client.protocol.RequestTargetAuthentication - Target auth state: UNCHALLENGED
11:20:50.265 [main] DEBUG o.a.h.c.p.RequestProxyAuthentication - Proxy auth state: UNCHALLENGED
2021-12-17 11:20:50,265 &amp#27;[32m[main]&amp#27;[0;39m &amp#27;[39mDEBUG&amp#27;[0;39m o.a.h.client.protocol.RequestProxyAuthentication - Proxy auth state: UNCHALLENGED
11:20:50.267 [main] DEBUG o.a.h.i.c.DefaultHttpClient - Attempt 1 to execute request
2021-12-17 11:20:50,267 &amp#27;[32m[main]&amp#27;[0;39m &amp#27;[39mDEBUG&amp#27;[0;39m org.apache.http.impl.client.DefaultHttpClient - Attempt 1 to execute request
11:20:50.269 [main] DEBUG o.a.h.i.c.DefaultClientConnection - Sending request: GET /auth/V1/generate/token HTTP/1.1
2021-12-17 11:20:50,269 &amp#27;[32m[main]&amp#27;[0;39m &amp#27;[39mDEBUG&amp#27;[0;39m org.apache.http.impl.conn.DefaultClientConnection - Sending request: GET /auth/V1/generate/token HTTP/1.1
11:20:50.270 [main] DEBUG o.a.h.wire -  >> "GET /auth/V1/generate/token HTTP/1.1[\r][\n]"
2021-12-17 11:20:50,270 &amp#27;[32m[main]&amp#27;[0;39m &amp#27;[39mDEBUG&amp#27;[0;39m org.apache.http.wire -  >> "GET /auth/V1/generate/token HTTP/1.1[\r][\n]"
11:20:50.271 [main] DEBUG o.a.h.wire -  >> "Content-Type: application/json; charset=UTF-8[\r][\n]"
2021-12-17 11:20:50,271 &amp#27;[32m[main]&amp#27;[0;39m &amp#27;[39mDEBUG&amp#27;[0;39m org.apache.http.wire -  >> "Content-Type: application/json; charset=UTF-8[\r][\n]"
11:20:50.272 [main] DEBUG o.a.h.wire -  >> "Accept: */*[\r][\n]"
2021-12-17 11:20:50,272 &amp#27;[32m[main]&amp#27;[0;39m &amp#27;[39mDEBUG&amp#27;[0;39m org.apache.http.wire -  >> "Accept: */*[\r][\n]"
11:20:50.273 [main] DEBUG o.a.h.wire -  >> "userName: t3azPwts/6OSPTFxhCdYug==[\r][\n]"
2021-12-17 11:20:50,273 &amp#27;[32m[main]&amp#27;[0;39m &amp#27;[39mDEBUG&amp#27;[0;39m org.apache.http.wire -  >> "userName: t3azPwts/6OSPTFxhCdYug==[\r][\n]"
11:20:50.274 [main] DEBUG o.a.h.wire -  >> "Host: apitest.pineperks.in[\r][\n]"
2021-12-17 11:20:50,274 &amp#27;[32m[main]&amp#27;[0;39m &amp#27;[39mDEBUG&amp#27;[0;39m org.apache.http.wire -  >> "Host: apitest.pineperks.in[\r][\n]"
11:20:50.276 [main] DEBUG o.a.h.wire -  >> "Connection: Keep-Alive[\r][\n]"
2021-12-17 11:20:50,276 &amp#27;[32m[main]&amp#27;[0;39m &amp#27;[39mDEBUG&amp#27;[0;39m org.apache.http.wire -  >> "Connection: Keep-Alive[\r][\n]"
11:20:50.277 [main] DEBUG o.a.h.wire -  >> "User-Agent: Apache-HttpClient/4.5.2 (Java/1.8.0_202)[\r][\n]"
2021-12-17 11:20:50,277 &amp#27;[32m[main]&amp#27;[0;39m &amp#27;[39mDEBUG&amp#27;[0;39m org.apache.http.wire -  >> "User-Agent: Apache-HttpClient/4.5.2 (Java/1.8.0_202)[\r][\n]"
11:20:50.277 [main] DEBUG o.a.h.wire -  >> "Accept-Encoding: gzip,deflate[\r][\n]"
2021-12-17 11:20:50,277 &amp#27;[32m[main]&amp#27;[0;39m &amp#27;[39mDEBUG&amp#27;[0;39m org.apache.http.wire -  >> "Accept-Encoding: gzip,deflate[\r][\n]"
11:20:50.278 [main] DEBUG o.a.h.wire -  >> "[\r][\n]"
2021-12-17 11:20:50,278 &amp#27;[32m[main]&amp#27;[0;39m &amp#27;[39mDEBUG&amp#27;[0;39m org.apache.http.wire -  >> "[\r][\n]"
11:20:50.278 [main] DEBUG o.a.h.headers - >> GET /auth/V1/generate/token HTTP/1.1
2021-12-17 11:20:50,278 &amp#27;[32m[main]&amp#27;[0;39m &amp#27;[39mDEBUG&amp#27;[0;39m org.apache.http.headers - >> GET /auth/V1/generate/token HTTP/1.1
11:20:50.279 [main] DEBUG o.a.h.headers - >> Content-Type: application/json; charset=UTF-8
2021-12-17 11:20:50,279 &amp#27;[32m[main]&amp#27;[0;39m &amp#27;[39mDEBUG&amp#27;[0;39m org.apache.http.headers - >> Content-Type: application/json; charset=UTF-8
11:20:50.279 [main] DEBUG o.a.h.headers - >> Accept: */*
2021-12-17 11:20:50,279 &amp#27;[32m[main]&amp#27;[0;39m &amp#27;[39mDEBUG&amp#27;[0;39m org.apache.http.headers - >> Accept: */*
11:20:50.279 [main] DEBUG o.a.h.headers - >> userName: t3azPwts/6OSPTFxhCdYug==
2021-12-17 11:20:50,279 &amp#27;[32m[main]&amp#27;[0;39m &amp#27;[39mDEBUG&amp#27;[0;39m org.apache.http.headers - >> userName: t3azPwts/6OSPTFxhCdYug==
11:20:50.282 [main] DEBUG o.a.h.headers - >> Host: apitest.pineperks.in
2021-12-17 11:20:50,282 &amp#27;[32m[main]&amp#27;[0;39m &amp#27;[39mDEBUG&amp#27;[0;39m org.apache.http.headers - >> Host: apitest.pineperks.in
11:20:50.283 [main] DEBUG o.a.h.headers - >> Connection: Keep-Alive
2021-12-17 11:20:50,283 &amp#27;[32m[main]&amp#27;[0;39m &amp#27;[39mDEBUG&amp#27;[0;39m org.apache.http.headers - >> Connection: Keep-Alive
11:20:50.283 [main] DEBUG o.a.h.headers - >> User-Agent: Apache-HttpClient/4.5.2 (Java/1.8.0_202)
2021-12-17 11:20:50,283 &amp#27;[32m[main]&amp#27;[0;39m &amp#27;[39mDEBUG&amp#27;[0;39m org.apache.http.headers - >> User-Agent: Apache-HttpClient/4.5.2 (Java/1.8.0_202)
11:20:50.283 [main] DEBUG o.a.h.headers - >> Accept-Encoding: gzip,deflate
2021-12-17 11:20:50,283 &amp#27;[32m[main]&amp#27;[0;39m &amp#27;[39mDEBUG&amp#27;[0;39m org.apache.http.headers - >> Accept-Encoding: gzip,deflate
11:20:50.361 [main] DEBUG o.a.h.wire -  << "HTTP/1.1 200 [\r][\n]"
2021-12-17 11:20:50,361 &amp#27;[32m[main]&amp#27;[0;39m &amp#27;[39mDEBUG&amp#27;[0;39m org.apache.http.wire -  << "HTTP/1.1 200 [\r][\n]"
11:20:50.363 [main] DEBUG o.a.h.wire -  << "Access-Control-Allow-Methods: GET, POST[\r][\n]"
2021-12-17 11:20:50,363 &amp#27;[32m[main]&amp#27;[0;39m &amp#27;[39mDEBUG&amp#27;[0;39m org.apache.http.wire -  << "Access-Control-Allow-Methods: GET, POST[\r][\n]"
11:20:50.364 [main] DEBUG o.a.h.wire -  << "Access-Control-Allow-Origin: *[\r][\n]"
2021-12-17 11:20:50,364 &amp#27;[32m[main]&amp#27;[0;39m &amp#27;[39mDEBUG&amp#27;[0;39m org.apache.http.wire -  << "Access-Control-Allow-Origin: *[\r][\n]"
11:20:50.364 [main] DEBUG o.a.h.wire -  << "Content-Security-Policy: default-src 'none'[\r][\n]"
2021-12-17 11:20:50,364 &amp#27;[32m[main]&amp#27;[0;39m &amp#27;[39mDEBUG&amp#27;[0;39m org.apache.http.wire -  << "Content-Security-Policy: default-src 'none'[\r][\n]"
11:20:50.364 [main] DEBUG o.a.h.wire -  << "Feature-Policy: 'none'[\r][\n]"
2021-12-17 11:20:50,364 &amp#27;[32m[main]&amp#27;[0;39m &amp#27;[39mDEBUG&amp#27;[0;39m org.apache.http.wire -  << "Feature-Policy: 'none'[\r][\n]"
11:20:50.365 [main] DEBUG o.a.h.wire -  << "Referrer-Policy: no-referrer[\r][\n]"
2021-12-17 11:20:50,365 &amp#27;[32m[main]&amp#27;[0;39m &amp#27;[39mDEBUG&amp#27;[0;39m org.apache.http.wire -  << "Referrer-Policy: no-referrer[\r][\n]"
11:20:50.365 [main] DEBUG o.a.h.wire -  << "Strict-Transport-Security: max-age=31536000 ; includeSubDomains[\r][\n]"
2021-12-17 11:20:50,365 &amp#27;[32m[main]&amp#27;[0;39m &amp#27;[39mDEBUG&amp#27;[0;39m org.apache.http.wire -  << "Strict-Transport-Security: max-age=31536000 ; includeSubDomains[\r][\n]"
11:20:50.366 [main] DEBUG o.a.h.wire -  << "Date: Fri, 17 Dec 2021 05:50:49 GMT[\r][\n]"
2021-12-17 11:20:50,366 &amp#27;[32m[main]&amp#27;[0;39m &amp#27;[39mDEBUG&amp#27;[0;39m org.apache.http.wire -  << "Date: Fri, 17 Dec 2021 05:50:49 GMT[\r][\n]"
11:20:50.366 [main] DEBUG o.a.h.wire -  << "Keep-Alive: timeout=60[\r][\n]"
2021-12-17 11:20:50,366 &amp#27;[32m[main]&amp#27;[0;39m &amp#27;[39mDEBUG&amp#27;[0;39m org.apache.http.wire -  << "Keep-Alive: timeout=60[\r][\n]"
11:20:50.367 [main] DEBUG o.a.h.wire -  << "Content-Type: application/json[\r][\n]"
2021-12-17 11:20:50,367 &amp#27;[32m[main]&amp#27;[0;39m &amp#27;[39mDEBUG&amp#27;[0;39m org.apache.http.wire -  << "Content-Type: application/json[\r][\n]"
11:20:50.367 [main] DEBUG o.a.h.wire -  << "Transfer-Encoding: chunked[\r][\n]"
2021-12-17 11:20:50,367 &amp#27;[32m[main]&amp#27;[0;39m &amp#27;[39mDEBUG&amp#27;[0;39m org.apache.http.wire -  << "Transfer-Encoding: chunked[\r][\n]"
11:20:50.368 [main] DEBUG o.a.h.wire -  << "Connection: keep-alive[\r][\n]"
2021-12-17 11:20:50,368 &amp#27;[32m[main]&amp#27;[0;39m &amp#27;[39mDEBUG&amp#27;[0;39m org.apache.http.wire -  << "Connection: keep-alive[\r][\n]"
11:20:50.368 [main] DEBUG o.a.h.wire -  << "[\r][\n]"
2021-12-17 11:20:50,368 &amp#27;[32m[main]&amp#27;[0;39m &amp#27;[39mDEBUG&amp#27;[0;39m org.apache.http.wire -  << "[\r][\n]"
11:20:50.369 [main] DEBUG o.a.h.i.c.DefaultClientConnection - Receiving response: HTTP/1.1 200 
2021-12-17 11:20:50,369 &amp#27;[32m[main]&amp#27;[0;39m &amp#27;[39mDEBUG&amp#27;[0;39m org.apache.http.impl.conn.DefaultClientConnection - Receiving response: HTTP/1.1 200 
11:20:50.370 [main] DEBUG o.a.h.headers - << HTTP/1.1 200 
2021-12-17 11:20:50,370 &amp#27;[32m[main]&amp#27;[0;39m &amp#27;[39mDEBUG&amp#27;[0;39m org.apache.http.headers - << HTTP/1.1 200 
11:20:50.370 [main] DEBUG o.a.h.headers - << Access-Control-Allow-Methods: GET, POST
2021-12-17 11:20:50,370 &amp#27;[32m[main]&amp#27;[0;39m &amp#27;[39mDEBUG&amp#27;[0;39m org.apache.http.headers - << Access-Control-Allow-Methods: GET, POST
11:20:50.370 [main] DEBUG o.a.h.headers - << Access-Control-Allow-Origin: *
2021-12-17 11:20:50,370 &amp#27;[32m[main]&amp#27;[0;39m &amp#27;[39mDEBUG&amp#27;[0;39m org.apache.http.headers - << Access-Control-Allow-Origin: *
11:20:50.371 [main] DEBUG o.a.h.headers - << Content-Security-Policy: default-src 'none'
2021-12-17 11:20:50,371 &amp#27;[32m[main]&amp#27;[0;39m &amp#27;[39mDEBUG&amp#27;[0;39m org.apache.http.headers - << Content-Security-Policy: default-src 'none'
11:20:50.371 [main] DEBUG o.a.h.headers - << Feature-Policy: 'none'
2021-12-17 11:20:50,371 &amp#27;[32m[main]&amp#27;[0;39m &amp#27;[39mDEBUG&amp#27;[0;39m org.apache.http.headers - << Feature-Policy: 'none'
11:20:50.372 [main] DEBUG o.a.h.headers - << Referrer-Policy: no-referrer
2021-12-17 11:20:50,372 &amp#27;[32m[main]&amp#27;[0;39m &amp#27;[39mDEBUG&amp#27;[0;39m org.apache.http.headers - << Referrer-Policy: no-referrer
11:20:50.372 [main] DEBUG o.a.h.headers - << Strict-Transport-Security: max-age=31536000 ; includeSubDomains
2021-12-17 11:20:50,372 &amp#27;[32m[main]&amp#27;[0;39m &amp#27;[39mDEBUG&amp#27;[0;39m org.apache.http.headers - << Strict-Transport-Security: max-age=31536000 ; includeSubDomains
11:20:50.373 [main] DEBUG o.a.h.headers - << Date: Fri, 17 Dec 2021 05:50:49 GMT
2021-12-17 11:20:50,373 &amp#27;[32m[main]&amp#27;[0;39m &amp#27;[39mDEBUG&amp#27;[0;39m org.apache.http.headers - << Date: Fri, 17 Dec 2021 05:50:49 GMT
11:20:50.374 [main] DEBUG o.a.h.headers - << Keep-Alive: timeout=60
2021-12-17 11:20:50,374 &amp#27;[32m[main]&amp#27;[0;39m &amp#27;[39mDEBUG&amp#27;[0;39m org.apache.http.headers - << Keep-Alive: timeout=60
11:20:50.374 [main] DEBUG o.a.h.headers - << Content-Type: application/json
2021-12-17 11:20:50,374 &amp#27;[32m[main]&amp#27;[0;39m &amp#27;[39mDEBUG&amp#27;[0;39m org.apache.http.headers - << Content-Type: application/json
11:20:50.374 [main] DEBUG o.a.h.headers - << Transfer-Encoding: chunked
2021-12-17 11:20:50,374 &amp#27;[32m[main]&amp#27;[0;39m &amp#27;[39mDEBUG&amp#27;[0;39m org.apache.http.headers - << Transfer-Encoding: chunked
11:20:50.378 [main] DEBUG o.a.h.headers - << Connection: keep-alive
2021-12-17 11:20:50,378 &amp#27;[32m[main]&amp#27;[0;39m &amp#27;[39mDEBUG&amp#27;[0;39m org.apache.http.headers - << Connection: keep-alive
11:20:50.378 [main] DEBUG o.a.h.i.c.DefaultHttpClient - Connection can be kept alive for 60000 MILLISECONDS
2021-12-17 11:20:50,378 &amp#27;[32m[main]&amp#27;[0;39m &amp#27;[39mDEBUG&amp#27;[0;39m org.apache.http.impl.client.DefaultHttpClient - Connection can be kept alive for 60000 MILLISECONDS
11:20:50.379 [main] DEBUG i.r.i.RequestSpecificationImpl$RestAssuredHttpBuilder - Parsing response as: application/json
2021-12-17 11:20:50,379 &amp#27;[32m[main]&amp#27;[0;39m &amp#27;[39mDEBUG&amp#27;[0;39m i.r.i.RequestSpecificationImpl$RestAssuredHttpBuilder - Parsing response as: application/json
11:20:50.380 [main] DEBUG i.r.i.RequestSpecificationImpl$RestAssuredHttpBuilder - Parsed data to instance of: class org.apache.http.conn.EofSensorInputStream
2021-12-17 11:20:50,380 &amp#27;[32m[main]&amp#27;[0;39m &amp#27;[39mDEBUG&amp#27;[0;39m i.r.i.RequestSpecificationImpl$RestAssuredHttpBuilder - Parsed data to instance of: class org.apache.http.conn.EofSensorInputStream
11:20:50.381 [main] INFO  c.q.BaseAPI - Method :GET
2021-12-17 11:20:50,381 &amp#27;[32m[main]&amp#27;[0;39m &amp#27;[34mINFO&amp#27;[0;39m com.qc.BaseAPI - Method :GET
11:20:50.382 [main] INFO  c.q.BaseAPI - URI :https://apitest.pineperks.in/auth/V1/generate/token
2021-12-17 11:20:50,382 &amp#27;[32m[main]&amp#27;[0;39m &amp#27;[34mINFO&amp#27;[0;39m com.qc.BaseAPI - URI :https://apitest.pineperks.in/auth/V1/generate/token
11:20:50.382 [main] INFO  c.q.BaseAPI - Headers :userName=t3azPwts/6OSPTFxhCdYug==
Accept=*/*
Content-Type=application/json; charset=UTF-8
2021-12-17 11:20:50,382 &amp#27;[32m[main]&amp#27;[0;39m &amp#27;[34mINFO&amp#27;[0;39m com.qc.BaseAPI - Headers :userName=t3azPwts/6OSPTFxhCdYug==
Accept=*/*
Content-Type=application/json; charset=UTF-8
11:20:50.383 [main] INFO  c.q.BaseAPI - Body :null
2021-12-17 11:20:50,383 &amp#27;[32m[main]&amp#27;[0;39m &amp#27;[34mINFO&amp#27;[0;39m com.qc.BaseAPI - Body :null
11:20:50.383 [main] INFO  c.q.BaseAPI - ********************RESPONSE********************
2021-12-17 11:20:50,383 &amp#27;[32m[main]&amp#27;[0;39m &amp#27;[34mINFO&amp#27;[0;39m com.qc.BaseAPI - ********************RESPONSE********************
11:20:50.384 [main] DEBUG o.a.h.wire -  << "7f[\r][\n]"
2021-12-17 11:20:50,384 &amp#27;[32m[main]&amp#27;[0;39m &amp#27;[39mDEBUG&amp#27;[0;39m org.apache.http.wire -  << "7f[\r][\n]"
11:20:50.384 [main] DEBUG o.a.h.wire -  << "{"accessToken":"a47791b7a3d24e858fcd9fdf405d4165","tokenExpiryTime":"18-Dec-2021","responseCode":0,"responseMessage":"Success"}"
2021-12-17 11:20:50,384 &amp#27;[32m[main]&amp#27;[0;39m &amp#27;[39mDEBUG&amp#27;[0;39m org.apache.http.wire -  << "{"accessToken":"a47791b7a3d24e858fcd9fdf405d4165","tokenExpiryTime":"18-Dec-2021","responseCode":0,"responseMessage":"Success"}"
11:20:50.385 [main] DEBUG o.a.h.wire -  << "[\r][\n]"
2021-12-17 11:20:50,385 &amp#27;[32m[main]&amp#27;[0;39m &amp#27;[39mDEBUG&amp#27;[0;39m org.apache.http.wire -  << "[\r][\n]"
11:20:50.385 [main] DEBUG o.a.h.wire -  << "0[\r][\n]"
2021-12-17 11:20:50,385 &amp#27;[32m[main]&amp#27;[0;39m &amp#27;[39mDEBUG&amp#27;[0;39m org.apache.http.wire -  << "0[\r][\n]"
11:20:50.386 [main] DEBUG o.a.h.wire -  << "[\r][\n]"
2021-12-17 11:20:50,386 &amp#27;[32m[main]&amp#27;[0;39m &amp#27;[39mDEBUG&amp#27;[0;39m org.apache.http.wire -  << "[\r][\n]"
11:20:50.387 [main] DEBUG o.a.h.i.c.BasicClientConnectionManager - Releasing connection org.apache.http.impl.conn.ManagedClientConnectionImpl@4fdc1634
2021-12-17 11:20:50,387 &amp#27;[32m[main]&amp#27;[0;39m &amp#27;[39mDEBUG&amp#27;[0;39m o.a.http.impl.conn.BasicClientConnectionManager - Releasing connection org.apache.http.impl.conn.ManagedClientConnectionImpl@4fdc1634
11:20:50.387 [main] DEBUG o.a.h.i.c.BasicClientConnectionManager - Connection can be kept alive for 60000 MILLISECONDS
2021-12-17 11:20:50,387 &amp#27;[32m[main]&amp#27;[0;39m &amp#27;[39mDEBUG&amp#27;[0;39m o.a.http.impl.conn.BasicClientConnectionManager - Connection can be kept alive for 60000 MILLISECONDS
{
    "accessToken": "a47791b7a3d24e858fcd9fdf405d4165",
    "tokenExpiryTime": "18-Dec-2021",
    "responseCode": 0,
    "responseMessage": "Success"
}
11:20:50.388 [main] INFO  c.q.BaseAPI - Response :{
    "accessToken": "a47791b7a3d24e858fcd9fdf405d4165",
    "tokenExpiryTime": "18-Dec-2021",
    "responseCode": 0,
    "responseMessage": "Success"
}
2021-12-17 11:20:50,388 &amp#27;[32m[main]&amp#27;[0;39m &amp#27;[34mINFO&amp#27;[0;39m com.qc.BaseAPI - Response :{
    "accessToken": "a47791b7a3d24e858fcd9fdf405d4165",
    "tokenExpiryTime": "18-Dec-2021",
    "responseCode": 0,
    "responseMessage": "Success"
}
11:20:50.389 [main] INFO  c.q.BaseAPI -  **** GET call Response time 240 ms
2021-12-17 11:20:50,389 &amp#27;[32m[main]&amp#27;[0;39m &amp#27;[34mINFO&amp#27;[0;39m com.qc.BaseAPI -  **** GET call Response time 240 ms
11:20:50.389 [main] INFO  p.r.s.Authorize - Time Taken to perform https://apitest.pineperks.in/auth/V1/generate/token transaction: 240
2021-12-17 11:20:50,389 &amp#27;[32m[main]&amp#27;[0;39m &amp#27;[34mINFO&amp#27;[0;39m pl.rest.service.Authorize - Time Taken to perform https://apitest.pineperks.in/auth/V1/generate/token transaction: 240
This is the JSON{"checksum":"5x3GNrnStyS2PkMvV6EeAw==","cardDetailList":[{"amount":"1000","mobileNumber":"8284854535","customerName":"afzal","email":"afzal.ahmed@pinelabs.com"}],"externalRequestId":"fZuoQO2","cardSchemeId":"7"}
11:20:50.393 [main] INFO  c.q.q.u.TestDataReader - Reading Json data authorizeHeaders
2021-12-17 11:20:50,393 &amp#27;[32m[main]&amp#27;[0;39m &amp#27;[34mINFO&amp#27;[0;39m com.qc.qa.utils.TestDataReader - Reading Json data authorizeHeaders
11:20:50.396 [main] INFO  c.q.q.u.TestDataReader - Reading json data from file @ testData/api/devAPIData.json
2021-12-17 11:20:50,396 &amp#27;[32m[main]&amp#27;[0;39m &amp#27;[34mINFO&amp#27;[0;39m com.qc.qa.utils.TestDataReader - Reading json data from file @ testData/api/devAPIData.json
11:20:50.398 [main] INFO  p.r.s.CardIssue - CardIssue Rest API URL :- https://apitest.pineperks.in/card/order/V2/instant/issue/nonreloadable/digital
2021-12-17 11:20:50,398 &amp#27;[32m[main]&amp#27;[0;39m &amp#27;[34mINFO&amp#27;[0;39m pl.rest.service.CardIssue - CardIssue Rest API URL :- https://apitest.pineperks.in/card/order/V2/instant/issue/nonreloadable/digital
11:20:50.399 [main] INFO  c.q.BaseAPI - POST call to URL https://apitest.pineperks.in/card/order/V2/instant/issue/nonreloadable/digital
2021-12-17 11:20:50,399 &amp#27;[32m[main]&amp#27;[0;39m &amp#27;[34mINFO&amp#27;[0;39m com.qc.BaseAPI - POST call to URL https://apitest.pineperks.in/card/order/V2/instant/issue/nonreloadable/digital
11:20:50.402 [main] INFO  c.q.BaseAPI - ********************REQUEST********************
2021-12-17 11:20:50,402 &amp#27;[32m[main]&amp#27;[0;39m &amp#27;[34mINFO&amp#27;[0;39m com.qc.BaseAPI - ********************REQUEST********************
11:20:50.410 [main] DEBUG o.a.h.i.c.BasicClientConnectionManager - Get connection for route {s}->https://apitest.pineperks.in:443
2021-12-17 11:20:50,410 &amp#27;[32m[main]&amp#27;[0;39m &amp#27;[39mDEBUG&amp#27;[0;39m o.a.http.impl.conn.BasicClientConnectionManager - Get connection for route {s}->https://apitest.pineperks.in:443
11:20:50.411 [main] DEBUG o.a.h.i.c.DefaultClientConnectionOperator - Connecting to apitest.pineperks.in:443
2021-12-17 11:20:50,411 &amp#27;[32m[main]&amp#27;[0;39m &amp#27;[39mDEBUG&amp#27;[0;39m o.a.http.impl.conn.DefaultClientConnectionOperator - Connecting to apitest.pineperks.in:443
11:20:50.520 [main] DEBUG o.a.h.c.p.RequestAddCookies - CookieSpec selected: ignoreCookies
2021-12-17 11:20:50,520 &amp#27;[32m[main]&amp#27;[0;39m &amp#27;[39mDEBUG&amp#27;[0;39m org.apache.http.client.protocol.RequestAddCookies - CookieSpec selected: ignoreCookies
11:20:50.522 [main] DEBUG o.a.h.c.p.RequestAuthCache - Auth cache not set in the context
2021-12-17 11:20:50,522 &amp#27;[32m[main]&amp#27;[0;39m &amp#27;[39mDEBUG&amp#27;[0;39m org.apache.http.client.protocol.RequestAuthCache - Auth cache not set in the context
11:20:50.524 [main] DEBUG o.a.h.c.p.RequestTargetAuthentication - Target auth state: UNCHALLENGED
2021-12-17 11:20:50,524 &amp#27;[32m[main]&amp#27;[0;39m &amp#27;[39mDEBUG&amp#27;[0;39m o.a.h.client.protocol.RequestTargetAuthentication - Target auth state: UNCHALLENGED
11:20:50.525 [main] DEBUG o.a.h.c.p.RequestProxyAuthentication - Proxy auth state: UNCHALLENGED
2021-12-17 11:20:50,525 &amp#27;[32m[main]&amp#27;[0;39m &amp#27;[39mDEBUG&amp#27;[0;39m o.a.h.client.protocol.RequestProxyAuthentication - Proxy auth state: UNCHALLENGED
11:20:50.527 [main] DEBUG o.a.h.i.c.DefaultHttpClient - Attempt 1 to execute request
2021-12-17 11:20:50,527 &amp#27;[32m[main]&amp#27;[0;39m &amp#27;[39mDEBUG&amp#27;[0;39m org.apache.http.impl.client.DefaultHttpClient - Attempt 1 to execute request
11:20:50.528 [main] DEBUG o.a.h.i.c.DefaultClientConnection - Sending request: POST /card/order/V2/instant/issue/nonreloadable/digital HTTP/1.1
2021-12-17 11:20:50,528 &amp#27;[32m[main]&amp#27;[0;39m &amp#27;[39mDEBUG&amp#27;[0;39m org.apache.http.impl.conn.DefaultClientConnection - Sending request: POST /card/order/V2/instant/issue/nonreloadable/digital HTTP/1.1
11:20:50.528 [main] DEBUG o.a.h.wire -  >> "POST /card/order/V2/instant/issue/nonreloadable/digital HTTP/1.1[\r][\n]"
2021-12-17 11:20:50,528 &amp#27;[32m[main]&amp#27;[0;39m &amp#27;[39mDEBUG&amp#27;[0;39m org.apache.http.wire -  >> "POST /card/order/V2/instant/issue/nonreloadable/digital HTTP/1.1[\r][\n]"
11:20:50.529 [main] DEBUG o.a.h.wire -  >> "X-PinePerks-UserName: t3azPwts/6OSPTFxhCdYug==[\r][\n]"
2021-12-17 11:20:50,529 &amp#27;[32m[main]&amp#27;[0;39m &amp#27;[39mDEBUG&amp#27;[0;39m org.apache.http.wire -  >> "X-PinePerks-UserName: t3azPwts/6OSPTFxhCdYug==[\r][\n]"
11:20:50.530 [main] DEBUG o.a.h.wire -  >> "Accept: */*[\r][\n]"
2021-12-17 11:20:50,530 &amp#27;[32m[main]&amp#27;[0;39m &amp#27;[39mDEBUG&amp#27;[0;39m org.apache.http.wire -  >> "Accept: */*[\r][\n]"
11:20:50.530 [main] DEBUG o.a.h.wire -  >> "X-PinePerks-Token: a47791b7a3d24e858fcd9fdf405d4165[\r][\n]"
2021-12-17 11:20:50,530 &amp#27;[32m[main]&amp#27;[0;39m &amp#27;[39mDEBUG&amp#27;[0;39m org.apache.http.wire -  >> "X-PinePerks-Token: a47791b7a3d24e858fcd9fdf405d4165[\r][\n]"
11:20:50.530 [main] DEBUG o.a.h.wire -  >> "Content-Type: application/json; charset=UTF-8[\r][\n]"
2021-12-17 11:20:50,530 &amp#27;[32m[main]&amp#27;[0;39m &amp#27;[39mDEBUG&amp#27;[0;39m org.apache.http.wire -  >> "Content-Type: application/json; charset=UTF-8[\r][\n]"
11:20:50.534 [main] DEBUG o.a.h.wire -  >> "Content-Length: 211[\r][\n]"
2021-12-17 11:20:50,534 &amp#27;[32m[main]&amp#27;[0;39m &amp#27;[39mDEBUG&amp#27;[0;39m org.apache.http.wire -  >> "Content-Length: 211[\r][\n]"
11:20:50.535 [main] DEBUG o.a.h.wire -  >> "Host: apitest.pineperks.in[\r][\n]"
2021-12-17 11:20:50,535 &amp#27;[32m[main]&amp#27;[0;39m &amp#27;[39mDEBUG&amp#27;[0;39m org.apache.http.wire -  >> "Host: apitest.pineperks.in[\r][\n]"
11:20:50.535 [main] DEBUG o.a.h.wire -  >> "Connection: Keep-Alive[\r][\n]"
2021-12-17 11:20:50,535 &amp#27;[32m[main]&amp#27;[0;39m &amp#27;[39mDEBUG&amp#27;[0;39m org.apache.http.wire -  >> "Connection: Keep-Alive[\r][\n]"
11:20:50.535 [main] DEBUG o.a.h.wire -  >> "User-Agent: Apache-HttpClient/4.5.2 (Java/1.8.0_202)[\r][\n]"
2021-12-17 11:20:50,535 &amp#27;[32m[main]&amp#27;[0;39m &amp#27;[39mDEBUG&amp#27;[0;39m org.apache.http.wire -  >> "User-Agent: Apache-HttpClient/4.5.2 (Java/1.8.0_202)[\r][\n]"
11:20:50.536 [main] DEBUG o.a.h.wire -  >> "Accept-Encoding: gzip,deflate[\r][\n]"
2021-12-17 11:20:50,536 &amp#27;[32m[main]&amp#27;[0;39m &amp#27;[39mDEBUG&amp#27;[0;39m org.apache.http.wire -  >> "Accept-Encoding: gzip,deflate[\r][\n]"
11:20:50.536 [main] DEBUG o.a.h.wire -  >> "[\r][\n]"
2021-12-17 11:20:50,536 &amp#27;[32m[main]&amp#27;[0;39m &amp#27;[39mDEBUG&amp#27;[0;39m org.apache.http.wire -  >> "[\r][\n]"
11:20:50.536 [main] DEBUG o.a.h.headers - >> POST /card/order/V2/instant/issue/nonreloadable/digital HTTP/1.1
2021-12-17 11:20:50,536 &amp#27;[32m[main]&amp#27;[0;39m &amp#27;[39mDEBUG&amp#27;[0;39m org.apache.http.headers - >> POST /card/order/V2/instant/issue/nonreloadable/digital HTTP/1.1
11:20:50.537 [main] DEBUG o.a.h.headers - >> X-PinePerks-UserName: t3azPwts/6OSPTFxhCdYug==
2021-12-17 11:20:50,537 &amp#27;[32m[main]&amp#27;[0;39m &amp#27;[39mDEBUG&amp#27;[0;39m org.apache.http.headers - >> X-PinePerks-UserName: t3azPwts/6OSPTFxhCdYug==
11:20:50.537 [main] DEBUG o.a.h.headers - >> Accept: */*
2021-12-17 11:20:50,537 &amp#27;[32m[main]&amp#27;[0;39m &amp#27;[39mDEBUG&amp#27;[0;39m org.apache.http.headers - >> Accept: */*
11:20:50.538 [main] DEBUG o.a.h.headers - >> X-PinePerks-Token: a47791b7a3d24e858fcd9fdf405d4165
2021-12-17 11:20:50,538 &amp#27;[32m[main]&amp#27;[0;39m &amp#27;[39mDEBUG&amp#27;[0;39m org.apache.http.headers - >> X-PinePerks-Token: a47791b7a3d24e858fcd9fdf405d4165
11:20:50.539 [main] DEBUG o.a.h.headers - >> Content-Type: application/json; charset=UTF-8
2021-12-17 11:20:50,539 &amp#27;[32m[main]&amp#27;[0;39m &amp#27;[39mDEBUG&amp#27;[0;39m org.apache.http.headers - >> Content-Type: application/json; charset=UTF-8
11:20:50.539 [main] DEBUG o.a.h.headers - >> Content-Length: 211
2021-12-17 11:20:50,539 &amp#27;[32m[main]&amp#27;[0;39m &amp#27;[39mDEBUG&amp#27;[0;39m org.apache.http.headers - >> Content-Length: 211
11:20:50.540 [main] DEBUG o.a.h.headers - >> Host: apitest.pineperks.in
2021-12-17 11:20:50,540 &amp#27;[32m[main]&amp#27;[0;39m &amp#27;[39mDEBUG&amp#27;[0;39m org.apache.http.headers - >> Host: apitest.pineperks.in
11:20:50.541 [main] DEBUG o.a.h.headers - >> Connection: Keep-Alive
2021-12-17 11:20:50,541 &amp#27;[32m[main]&amp#27;[0;39m &amp#27;[39mDEBUG&amp#27;[0;39m org.apache.http.headers - >> Connection: Keep-Alive
11:20:50.542 [main] DEBUG o.a.h.headers - >> User-Agent: Apache-HttpClient/4.5.2 (Java/1.8.0_202)
2021-12-17 11:20:50,542 &amp#27;[32m[main]&amp#27;[0;39m &amp#27;[39mDEBUG&amp#27;[0;39m org.apache.http.headers - >> User-Agent: Apache-HttpClient/4.5.2 (Java/1.8.0_202)
11:20:50.542 [main] DEBUG o.a.h.headers - >> Accept-Encoding: gzip,deflate
2021-12-17 11:20:50,542 &amp#27;[32m[main]&amp#27;[0;39m &amp#27;[39mDEBUG&amp#27;[0;39m org.apache.http.headers - >> Accept-Encoding: gzip,deflate
11:20:50.542 [main] DEBUG o.a.h.wire -  >> "{"checksum":"5x3GNrnStyS2PkMvV6EeAw==","cardDetailList":[{"amount":"1000","mobileNumber":"8284854535","customerName":"afzal","email":"afzal.ahmed@pinelabs.com"}],"externalRequestId":"fZuoQO2","cardSchemeId":"7"}"
2021-12-17 11:20:50,542 &amp#27;[32m[main]&amp#27;[0;39m &amp#27;[39mDEBUG&amp#27;[0;39m org.apache.http.wire -  >> "{"checksum":"5x3GNrnStyS2PkMvV6EeAw==","cardDetailList":[{"amount":"1000","mobileNumber":"8284854535","customerName":"afzal","email":"afzal.ahmed@pinelabs.com"}],"externalRequestId":"fZuoQO2","cardSchemeId":"7"}"
11:20:51.227 [main] DEBUG o.a.h.wire -  << "HTTP/1.1 200 [\r][\n]"
2021-12-17 11:20:51,227 &amp#27;[32m[main]&amp#27;[0;39m &amp#27;[39mDEBUG&amp#27;[0;39m org.apache.http.wire -  << "HTTP/1.1 200 [\r][\n]"
11:20:51.231 [main] DEBUG o.a.h.wire -  << "Access-Control-Allow-Methods: GET, POST[\r][\n]"
2021-12-17 11:20:51,231 &amp#27;[32m[main]&amp#27;[0;39m &amp#27;[39mDEBUG&amp#27;[0;39m org.apache.http.wire -  << "Access-Control-Allow-Methods: GET, POST[\r][\n]"
11:20:51.232 [main] DEBUG o.a.h.wire -  << "Access-Control-Allow-Origin: *[\r][\n]"
2021-12-17 11:20:51,232 &amp#27;[32m[main]&amp#27;[0;39m &amp#27;[39mDEBUG&amp#27;[0;39m org.apache.http.wire -  << "Access-Control-Allow-Origin: *[\r][\n]"
11:20:51.234 [main] DEBUG o.a.h.wire -  << "Content-Security-Policy: default-src 'none'[\r][\n]"
2021-12-17 11:20:51,234 &amp#27;[32m[main]&amp#27;[0;39m &amp#27;[39mDEBUG&amp#27;[0;39m org.apache.http.wire -  << "Content-Security-Policy: default-src 'none'[\r][\n]"
11:20:51.235 [main] DEBUG o.a.h.wire -  << "Feature-Policy: 'none'[\r][\n]"
2021-12-17 11:20:51,235 &amp#27;[32m[main]&amp#27;[0;39m &amp#27;[39mDEBUG&amp#27;[0;39m org.apache.http.wire -  << "Feature-Policy: 'none'[\r][\n]"
11:20:51.237 [main] DEBUG o.a.h.wire -  << "Referrer-Policy: no-referrer[\r][\n]"
2021-12-17 11:20:51,237 &amp#27;[32m[main]&amp#27;[0;39m &amp#27;[39mDEBUG&amp#27;[0;39m org.apache.http.wire -  << "Referrer-Policy: no-referrer[\r][\n]"
11:20:51.238 [main] DEBUG o.a.h.wire -  << "Strict-Transport-Security: max-age=31536000 ; includeSubDomains[\r][\n]"
2021-12-17 11:20:51,238 &amp#27;[32m[main]&amp#27;[0;39m &amp#27;[39mDEBUG&amp#27;[0;39m org.apache.http.wire -  << "Strict-Transport-Security: max-age=31536000 ; includeSubDomains[\r][\n]"
11:20:51.240 [main] DEBUG o.a.h.wire -  << "Date: Fri, 17 Dec 2021 05:50:49 GMT[\r][\n]"
2021-12-17 11:20:51,240 &amp#27;[32m[main]&amp#27;[0;39m &amp#27;[39mDEBUG&amp#27;[0;39m org.apache.http.wire -  << "Date: Fri, 17 Dec 2021 05:50:49 GMT[\r][\n]"
11:20:51.241 [main] DEBUG o.a.h.wire -  << "Keep-Alive: timeout=60[\r][\n]"
2021-12-17 11:20:51,241 &amp#27;[32m[main]&amp#27;[0;39m &amp#27;[39mDEBUG&amp#27;[0;39m org.apache.http.wire -  << "Keep-Alive: timeout=60[\r][\n]"
11:20:51.245 [main] DEBUG o.a.h.wire -  << "Content-Type: application/json[\r][\n]"
2021-12-17 11:20:51,245 &amp#27;[32m[main]&amp#27;[0;39m &amp#27;[39mDEBUG&amp#27;[0;39m org.apache.http.wire -  << "Content-Type: application/json[\r][\n]"
11:20:51.245 [main] DEBUG o.a.h.wire -  << "Transfer-Encoding: chunked[\r][\n]"
2021-12-17 11:20:51,245 &amp#27;[32m[main]&amp#27;[0;39m &amp#27;[39mDEBUG&amp#27;[0;39m org.apache.http.wire -  << "Transfer-Encoding: chunked[\r][\n]"
11:20:51.246 [main] DEBUG o.a.h.wire -  << "Connection: keep-alive[\r][\n]"
2021-12-17 11:20:51,246 &amp#27;[32m[main]&amp#27;[0;39m &amp#27;[39mDEBUG&amp#27;[0;39m org.apache.http.wire -  << "Connection: keep-alive[\r][\n]"
11:20:51.247 [main] DEBUG o.a.h.wire -  << "[\r][\n]"
2021-12-17 11:20:51,247 &amp#27;[32m[main]&amp#27;[0;39m &amp#27;[39mDEBUG&amp#27;[0;39m org.apache.http.wire -  << "[\r][\n]"
11:20:51.247 [main] DEBUG o.a.h.i.c.DefaultClientConnection - Receiving response: HTTP/1.1 200 
2021-12-17 11:20:51,247 &amp#27;[32m[main]&amp#27;[0;39m &amp#27;[39mDEBUG&amp#27;[0;39m org.apache.http.impl.conn.DefaultClientConnection - Receiving response: HTTP/1.1 200 
11:20:51.248 [main] DEBUG o.a.h.headers - << HTTP/1.1 200 
2021-12-17 11:20:51,248 &amp#27;[32m[main]&amp#27;[0;39m &amp#27;[39mDEBUG&amp#27;[0;39m org.apache.http.headers - << HTTP/1.1 200 
11:20:51.248 [main] DEBUG o.a.h.headers - << Access-Control-Allow-Methods: GET, POST
2021-12-17 11:20:51,248 &amp#27;[32m[main]&amp#27;[0;39m &amp#27;[39mDEBUG&amp#27;[0;39m org.apache.http.headers - << Access-Control-Allow-Methods: GET, POST
11:20:51.249 [main] DEBUG o.a.h.headers - << Access-Control-Allow-Origin: *
2021-12-17 11:20:51,249 &amp#27;[32m[main]&amp#27;[0;39m &amp#27;[39mDEBUG&amp#27;[0;39m org.apache.http.headers - << Access-Control-Allow-Origin: *
11:20:51.249 [main] DEBUG o.a.h.headers - << Content-Security-Policy: default-src 'none'
2021-12-17 11:20:51,249 &amp#27;[32m[main]&amp#27;[0;39m &amp#27;[39mDEBUG&amp#27;[0;39m org.apache.http.headers - << Content-Security-Policy: default-src 'none'
11:20:51.250 [main] DEBUG o.a.h.headers - << Feature-Policy: 'none'
2021-12-17 11:20:51,250 &amp#27;[32m[main]&amp#27;[0;39m &amp#27;[39mDEBUG&amp#27;[0;39m org.apache.http.headers - << Feature-Policy: 'none'
11:20:51.250 [main] DEBUG o.a.h.headers - << Referrer-Policy: no-referrer
2021-12-17 11:20:51,250 &amp#27;[32m[main]&amp#27;[0;39m &amp#27;[39mDEBUG&amp#27;[0;39m org.apache.http.headers - << Referrer-Policy: no-referrer
11:20:51.250 [main] DEBUG o.a.h.headers - << Strict-Transport-Security: max-age=31536000 ; includeSubDomains
2021-12-17 11:20:51,250 &amp#27;[32m[main]&amp#27;[0;39m &amp#27;[39mDEBUG&amp#27;[0;39m org.apache.http.headers - << Strict-Transport-Security: max-age=31536000 ; includeSubDomains
11:20:51.251 [main] DEBUG o.a.h.headers - << Date: Fri, 17 Dec 2021 05:50:49 GMT
2021-12-17 11:20:51,251 &amp#27;[32m[main]&amp#27;[0;39m &amp#27;[39mDEBUG&amp#27;[0;39m org.apache.http.headers - << Date: Fri, 17 Dec 2021 05:50:49 GMT
11:20:51.252 [main] DEBUG o.a.h.headers - << Keep-Alive: timeout=60
2021-12-17 11:20:51,252 &amp#27;[32m[main]&amp#27;[0;39m &amp#27;[39mDEBUG&amp#27;[0;39m org.apache.http.headers - << Keep-Alive: timeout=60
11:20:51.252 [main] DEBUG o.a.h.headers - << Content-Type: application/json
2021-12-17 11:20:51,252 &amp#27;[32m[main]&amp#27;[0;39m &amp#27;[39mDEBUG&amp#27;[0;39m org.apache.http.headers - << Content-Type: application/json
11:20:51.253 [main] DEBUG o.a.h.headers - << Transfer-Encoding: chunked
2021-12-17 11:20:51,253 &amp#27;[32m[main]&amp#27;[0;39m &amp#27;[39mDEBUG&amp#27;[0;39m org.apache.http.headers - << Transfer-Encoding: chunked
11:20:51.253 [main] DEBUG o.a.h.headers - << Connection: keep-alive
2021-12-17 11:20:51,253 &amp#27;[32m[main]&amp#27;[0;39m &amp#27;[39mDEBUG&amp#27;[0;39m org.apache.http.headers - << Connection: keep-alive
11:20:51.254 [main] DEBUG o.a.h.i.c.DefaultHttpClient - Connection can be kept alive for 60000 MILLISECONDS
2021-12-17 11:20:51,254 &amp#27;[32m[main]&amp#27;[0;39m &amp#27;[39mDEBUG&amp#27;[0;39m org.apache.http.impl.client.DefaultHttpClient - Connection can be kept alive for 60000 MILLISECONDS
11:20:51.254 [main] DEBUG i.r.i.RequestSpecificationImpl$RestAssuredHttpBuilder - Parsing response as: application/json
2021-12-17 11:20:51,254 &amp#27;[32m[main]&amp#27;[0;39m &amp#27;[39mDEBUG&amp#27;[0;39m i.r.i.RequestSpecificationImpl$RestAssuredHttpBuilder - Parsing response as: application/json
11:20:51.255 [main] DEBUG i.r.i.RequestSpecificationImpl$RestAssuredHttpBuilder - Parsed data to instance of: class org.apache.http.conn.EofSensorInputStream
2021-12-17 11:20:51,255 &amp#27;[32m[main]&amp#27;[0;39m &amp#27;[39mDEBUG&amp#27;[0;39m i.r.i.RequestSpecificationImpl$RestAssuredHttpBuilder - Parsed data to instance of: class org.apache.http.conn.EofSensorInputStream
11:20:51.256 [main] INFO  c.q.BaseAPI - Method :POST
2021-12-17 11:20:51,256 &amp#27;[32m[main]&amp#27;[0;39m &amp#27;[34mINFO&amp#27;[0;39m com.qc.BaseAPI - Method :POST
11:20:51.257 [main] INFO  c.q.BaseAPI - URI :https://apitest.pineperks.in/card/order/V2/instant/issue/nonreloadable/digital
2021-12-17 11:20:51,257 &amp#27;[32m[main]&amp#27;[0;39m &amp#27;[34mINFO&amp#27;[0;39m com.qc.BaseAPI - URI :https://apitest.pineperks.in/card/order/V2/instant/issue/nonreloadable/digital
11:20:51.258 [main] INFO  c.q.BaseAPI - Headers :X-PinePerks-Token=a47791b7a3d24e858fcd9fdf405d4165
X-PinePerks-UserName=t3azPwts/6OSPTFxhCdYug==
Accept=*/*
Content-Type=application/json; charset=UTF-8
2021-12-17 11:20:51,258 &amp#27;[32m[main]&amp#27;[0;39m &amp#27;[34mINFO&amp#27;[0;39m com.qc.BaseAPI - Headers :X-PinePerks-Token=a47791b7a3d24e858fcd9fdf405d4165
X-PinePerks-UserName=t3azPwts/6OSPTFxhCdYug==
Accept=*/*
Content-Type=application/json; charset=UTF-8
11:20:51.261 [main] INFO  c.q.BaseAPI - Body :{"checksum":"5x3GNrnStyS2PkMvV6EeAw==","cardDetailList":[{"amount":"1000","mobileNumber":"8284854535","customerName":"afzal","email":"afzal.ahmed@pinelabs.com"}],"externalRequestId":"fZuoQO2","cardSchemeId":"7"}
2021-12-17 11:20:51,261 &amp#27;[32m[main]&amp#27;[0;39m &amp#27;[34mINFO&amp#27;[0;39m com.qc.BaseAPI - Body :{"checksum":"5x3GNrnStyS2PkMvV6EeAw==","cardDetailList":[{"amount":"1000","mobileNumber":"8284854535","customerName":"afzal","email":"afzal.ahmed@pinelabs.com"}],"externalRequestId":"fZuoQO2","cardSchemeId":"7"}
11:20:51.261 [main] INFO  c.q.BaseAPI - ********************RESPONSE********************
2021-12-17 11:20:51,261 &amp#27;[32m[main]&amp#27;[0;39m &amp#27;[34mINFO&amp#27;[0;39m com.qc.BaseAPI - ********************RESPONSE********************
11:20:51.261 [main] DEBUG o.a.h.wire -  << "1ef[\r][\n]"
2021-12-17 11:20:51,261 &amp#27;[32m[main]&amp#27;[0;39m &amp#27;[39mDEBUG&amp#27;[0;39m org.apache.http.wire -  << "1ef[\r][\n]"
11:20:51.262 [main] DEBUG o.a.h.wire -  << "{"externalRequestId":"fZuoQO2","orderId":12503,"orderStatus":6,"cardDetailResponseList":[{"referenceNumber":9155621332,"serialNumber":12503000010001,"customerName":"afzal","mobileNumber":8284854535,"email":"afzal.ahmed@pinelabs.com","amount":1000,"cardLink":"test.pineperks.in/eCard?c=LWp0RVTo1A.lPnFTrNN7zw2","responseCode":0,"responseMessage":"Success"}],"successCount":1,"failedCount":0,"orderAmount":1000,"issuanceCharge":0,"netOrderAmount":1000,"responseCode":0,"responseMessage":"Success"}"
2021-12-17 11:20:51,262 &amp#27;[32m[main]&amp#27;[0;39m &amp#27;[39mDEBUG&amp#27;[0;39m org.apache.http.wire -  << "{"externalRequestId":"fZuoQO2","orderId":12503,"orderStatus":6,"cardDetailResponseList":[{"referenceNumber":9155621332,"serialNumber":12503000010001,"customerName":"afzal","mobileNumber":8284854535,"email":"afzal.ahmed@pinelabs.com","amount":1000,"cardLink":"test.pineperks.in/eCard?c=LWp0RVTo1A.lPnFTrNN7zw2","responseCode":0,"responseMessage":"Success"}],"successCount":1,"failedCount":0,"orderAmount":1000,"issuanceCharge":0,"netOrderAmount":1000,"responseCode":0,"responseMessage":"Success"}"
11:20:51.262 [main] DEBUG o.a.h.wire -  << "[\r][\n]"
2021-12-17 11:20:51,262 &amp#27;[32m[main]&amp#27;[0;39m &amp#27;[39mDEBUG&amp#27;[0;39m org.apache.http.wire -  << "[\r][\n]"
11:20:51.263 [main] DEBUG o.a.h.wire -  << "0[\r][\n]"
2021-12-17 11:20:51,263 &amp#27;[32m[main]&amp#27;[0;39m &amp#27;[39mDEBUG&amp#27;[0;39m org.apache.http.wire -  << "0[\r][\n]"
11:20:51.263 [main] DEBUG o.a.h.wire -  << "[\r][\n]"
2021-12-17 11:20:51,263 &amp#27;[32m[main]&amp#27;[0;39m &amp#27;[39mDEBUG&amp#27;[0;39m org.apache.http.wire -  << "[\r][\n]"
11:20:51.263 [main] DEBUG o.a.h.i.c.BasicClientConnectionManager - Releasing connection org.apache.http.impl.conn.ManagedClientConnectionImpl@38fa30
2021-12-17 11:20:51,263 &amp#27;[32m[main]&amp#27;[0;39m &amp#27;[39mDEBUG&amp#27;[0;39m o.a.http.impl.conn.BasicClientConnectionManager - Releasing connection org.apache.http.impl.conn.ManagedClientConnectionImpl@38fa30
11:20:51.264 [main] DEBUG o.a.h.i.c.BasicClientConnectionManager - Connection can be kept alive for 60000 MILLISECONDS
2021-12-17 11:20:51,264 &amp#27;[32m[main]&amp#27;[0;39m &amp#27;[39mDEBUG&amp#27;[0;39m o.a.http.impl.conn.BasicClientConnectionManager - Connection can be kept alive for 60000 MILLISECONDS
{
    "externalRequestId": "fZuoQO2",
    "orderId": 12503,
    "orderStatus": 6,
    "cardDetailResponseList": [
        {
            "referenceNumber": 9155621332,
            "serialNumber": 12503000010001,
            "customerName": "afzal",
            "mobileNumber": 8284854535,
            "email": "afzal.ahmed@pinelabs.com",
            "amount": 1000,
            "cardLink": "test.pineperks.in/eCard?c=LWp0RVTo1A.lPnFTrNN7zw2",
            "responseCode": 0,
            "responseMessage": "Success"
        }
    ],
    "successCount": 1,
    "failedCount": 0,
    "orderAmount": 1000,
    "issuanceCharge": 0,
    "netOrderAmount": 1000,
    "responseCode": 0,
    "responseMessage": "Success"
}
11:20:51.265 [main] INFO  c.q.BaseAPI - Response :{
    "externalRequestId": "fZuoQO2",
    "orderId": 12503,
    "orderStatus": 6,
    "cardDetailResponseList": [
        {
            "referenceNumber": 9155621332,
            "serialNumber": 12503000010001,
            "customerName": "afzal",
            "mobileNumber": 8284854535,
            "email": "afzal.ahmed@pinelabs.com",
            "amount": 1000,
            "cardLink": "test.pineperks.in/eCard?c=LWp0RVTo1A.lPnFTrNN7zw2",
            "responseCode": 0,
            "responseMessage": "Success"
        }
    ],
    "successCount": 1,
    "failedCount": 0,
    "orderAmount": 1000,
    "issuanceCharge": 0,
    "netOrderAmount": 1000,
    "responseCode": 0,
    "responseMessage": "Success"
}
2021-12-17 11:20:51,265 &amp#27;[32m[main]&amp#27;[0;39m &amp#27;[34mINFO&amp#27;[0;39m com.qc.BaseAPI - Response :{
    "externalRequestId": "fZuoQO2",
    "orderId": 12503,
    "orderStatus": 6,
    "cardDetailResponseList": [
        {
            "referenceNumber": 9155621332,
            "serialNumber": 12503000010001,
            "customerName": "afzal",
            "mobileNumber": 8284854535,
            "email": "afzal.ahmed@pinelabs.com",
            "amount": 1000,
            "cardLink": "test.pineperks.in/eCard?c=LWp0RVTo1A.lPnFTrNN7zw2",
            "responseCode": 0,
            "responseMessage": "Success"
        }
    ],
    "successCount": 1,
    "failedCount": 0,
    "orderAmount": 1000,
    "issuanceCharge": 0,
    "netOrderAmount": 1000,
    "responseCode": 0,
    "responseMessage": "Success"
}
11:20:51.266 [main] INFO  c.q.BaseAPI -  **** POST call Response time 853 ms
2021-12-17 11:20:51,266 &amp#27;[32m[main]&amp#27;[0;39m &amp#27;[34mINFO&amp#27;[0;39m com.qc.BaseAPI -  **** POST call Response time 853 ms
11:20:51.266 [main] INFO  p.r.s.CardIssue - Time Taken to perform https://apitest.pineperks.in/card/order/V2/instant/issue/nonreloadable/digital transaction: 853
2021-12-17 11:20:51,266 &amp#27;[32m[main]&amp#27;[0;39m &amp#27;[34mINFO&amp#27;[0;39m pl.rest.service.CardIssue - Time Taken to perform https://apitest.pineperks.in/card/order/V2/instant/issue/nonreloadable/digital transaction: 853
Expected: afzal ::carddetails::  Actual Value: afzal
Expected: 8284854535 ::carddetails::  Actual Value: 8284854535
Expected: afzal.ahmed@pinelabs.com ::carddetails::  Actual Value: afzal.ahmed@pinelabs.com
Expected: 1000 ::carddetails::  Actual Value: 1000
Expected: 0 ::carddetails::  Actual Value: 0
Expected: Success ::carddetails::  Actual Value: Success
11:20:51.319 [main] INFO  p.r.s.TransactionsStepDefs - referenceNumber isnull
2021-12-17 11:20:51,319 &amp#27;[32m[main]&amp#27;[0;39m &amp#27;[34mINFO&amp#27;[0;39m pl.rest.stepDefs.TransactionsStepDefs - referenceNumber isnull
11:20:51.320 [main] INFO  p.r.u.DBUtils - Fetching card details from card table, using Query:  Select CorporateId,CardSchemeId,ActivationEmail,ActivationEmail,ActivationMobileNumber from card AS bigint where ReferenceNumber=convert(bigint, 1789154895);
2021-12-17 11:20:51,320 &amp#27;[32m[main]&amp#27;[0;39m &amp#27;[34mINFO&amp#27;[0;39m pl.rest.utils.DBUtils - Fetching card details from card table, using Query:  Select CorporateId,CardSchemeId,ActivationEmail,ActivationEmail,ActivationMobileNumber from card AS bigint where ReferenceNumber=convert(bigint, 1789154895);
11:20:51.325 [main] INFO  c.q.q.d.DBPoolProvider - Con pool Total - 400, idle - 0,  Num active - 0
2021-12-17 11:20:51,325 &amp#27;[32m[main]&amp#27;[0;39m &amp#27;[34mINFO&amp#27;[0;39m com.qc.qa.dbutils.DBPoolProvider - Con pool Total - 400, idle - 0,  Num active - 0
11:20:51.326 [main] INFO  c.q.q.d.DBPoolProvider - Retrieved connection
2021-12-17 11:20:51,326 &amp#27;[32m[main]&amp#27;[0;39m &amp#27;[34mINFO&amp#27;[0;39m com.qc.qa.dbutils.DBPoolProvider - Retrieved connection
]]></system-out>
  </testcase>
  <testcase name="runScenario" classname="pl.rest.testRunners.TestRunner" time="0.937"/>
  <testcase name="runScenario" classname="pl.rest.testRunners.TestRunner" time="0.811"/>
  <testcase name="runScenario" classname="pl.rest.testRunners.TestRunner" time="0.794"/>
  <testcase name="runScenario" classname="pl.rest.testRunners.TestRunner" time="0.742"/>
  <testcase name="runScenario" classname="pl.rest.testRunners.TestRunner" time="0.782"/>
  <testcase name="runScenario" classname="pl.rest.testRunners.TestRunner" time="0.701"/>
  <testcase name="runScenario" classname="pl.rest.testRunners.TestRunner" time="0.747"/>
  <testcase name="runScenario" classname="pl.rest.testRunners.TestRunner" time="1.066"/>
  <testcase name="runScenario" classname="pl.rest.testRunners.TestRunner" time="0.67"/>
  <testcase name="runScenario" classname="pl.rest.testRunners.TestRunner" time="0.701"/>
</testsuite>