<?xml version="1.0" encoding="UTF-8"?>
<testng-results skipped="0" failed="2" ignored="0" total="12" passed="10">
  <reporter-output>
  </reporter-output>
  <suite name="Surefire suite" duration-ms="48110" started-at="2021-12-17T05:50:26Z" finished-at="2021-12-17T05:51:14Z">
    <groups>
      <group name="cucumber">
        <method signature="AbstractTestNGCucumberTests.runScenario(io.cucumber.testng.PickleEventWrapper, io.cucumber.testng.CucumberFeatureWrapper)[pri:0, instance:pl.rest.testRunners.TestRunner@47400608]" name="runScenario" class="io.cucumber.testng.AbstractTestNGCucumberTests"/>
      </group> <!-- cucumber -->
    </groups>
    <test name="Surefire test" duration-ms="48110" started-at="2021-12-17T05:50:26Z" finished-at="2021-12-17T05:51:14Z">
      <class name="pl.rest.testRunners.TestRunner">
        <test-method status="PASS" signature="setUpClass()[pri:0, instance:pl.rest.testRunners.TestRunner@47400608]" name="setUpClass" is-config="true" duration-ms="90" started-at="2021-12-17T05:50:26Z" finished-at="2021-12-17T05:50:26Z">
          <reporter-output>
          </reporter-output>
        </test-method> <!-- setUpClass -->
        <test-method status="FAIL" signature="runScenario(io.cucumber.testng.PickleEventWrapper, io.cucumber.testng.CucumberFeatureWrapper)[pri:0, instance:pl.rest.testRunners.TestRunner@47400608]" name="runScenario" duration-ms="19624" started-at="2021-12-17T05:50:26Z" description="Runs Cucumber Scenarios" data-provider="scenarios" finished-at="2021-12-17T05:50:46Z">
          <params>
            <param index="0">
              <value>
                <![CDATA["Issuing a instant non reloadable card"]]>
              </value>
            </param>
            <param index="1">
              <value>
                <![CDATA["Issuing instant Non Reloadable cards"]]>
              </value>
            </param>
          </params>
          <exception class="java.sql.SQLException">
            <message>
              <![CDATA[Cannot create PoolableConnectionFactory (The TCP/IP connection to the host 192.168.104.22, port 6135 has failed. Error: "Connection timed out: no further information.. Verify the connection properties. Make sure that an instance of SQL Server is running on the host and accepting TCP/IP connections at the port. Make sure that TCP connections to the port are not blocked by a firewall.".)]]>
            </message>
            <full-stacktrace>
              <![CDATA[java.sql.SQLException: Cannot create PoolableConnectionFactory (The TCP/IP connection to the host 192.168.104.22, port 6135 has failed. Error: "Connection timed out: no further information.. Verify the connection properties. Make sure that an instance of SQL Server is running on the host and accepting TCP/IP connections at the port. Make sure that TCP connections to the port are not blocked by a firewall.".)
at org.apache.commons.dbcp2.BasicDataSource.createPoolableConnectionFactory(BasicDataSource.java:2385)
at org.apache.commons.dbcp2.BasicDataSource.createDataSource(BasicDataSource.java:2110)
at org.apache.commons.dbcp2.BasicDataSource.getConnection(BasicDataSource.java:1563)
at com.qc.qa.dbutils.DBPoolProvider.getConnection(DBPoolProvider.java:76)
at com.qc.qa.dbutils.DBConnectionManager.getConnection(DBConnectionManager.java:158)
at com.qc.qa.dbutils.DBConnectionManager.getQueryResultAsStringMap(DBConnectionManager.java:83)
at pl.rest.utils.DBUtils.getCardDetails(DBUtils.java:3433)
at pl.rest.stepDefs.TransactionsStepDefs.iShouldSeeTheFollowingInTheCardListInTheDatabase(TransactionsStepDefs.java:249)
at ✽.i should see the following in the card list in the database(classpath:features/cardissue/InstantNonRelodableDigital.feature:24)
Caused by: com.microsoft.sqlserver.jdbc.SQLServerException: The TCP/IP connection to the host 192.168.104.22, port 6135 has failed. Error: "Connection timed out: no further information.. Verify the connection properties. Make sure that an instance of SQL Server is running on the host and accepting TCP/IP connections at the port. Make sure that TCP connections to the port are not blocked by a firewall.".
at com.microsoft.sqlserver.jdbc.SQLServerException.makeFromDriverError(SQLServerException.java:228)
at com.microsoft.sqlserver.jdbc.SQLServerException.ConvertConnectExceptionToSQLServerException(SQLServerException.java:285)
at com.microsoft.sqlserver.jdbc.SocketFinder.findSocket(IOBuffer.java:2437)
at com.microsoft.sqlserver.jdbc.TDSChannel.open(IOBuffer.java:641)
at com.microsoft.sqlserver.jdbc.SQLServerConnection.connectHelper(SQLServerConnection.java:2245)
at com.microsoft.sqlserver.jdbc.SQLServerConnection.login(SQLServerConnection.java:1921)
at com.microsoft.sqlserver.jdbc.SQLServerConnection.connectInternal(SQLServerConnection.java:1762)
at com.microsoft.sqlserver.jdbc.SQLServerConnection.connect(SQLServerConnection.java:1077)
at com.microsoft.sqlserver.jdbc.SQLServerDriver.connect(SQLServerDriver.java:623)
at org.apache.commons.dbcp2.DriverConnectionFactory.createConnection(DriverConnectionFactory.java:53)
at org.apache.commons.dbcp2.PoolableConnectionFactory.makeObject(PoolableConnectionFactory.java:291)
at org.apache.commons.dbcp2.BasicDataSource.validateConnectionFactory(BasicDataSource.java:2395)
at org.apache.commons.dbcp2.BasicDataSource.createPoolableConnectionFactory(BasicDataSource.java:2381)
at org.apache.commons.dbcp2.BasicDataSource.createDataSource(BasicDataSource.java:2110)
at org.apache.commons.dbcp2.BasicDataSource.getConnection(BasicDataSource.java:1563)
at com.qc.qa.dbutils.DBPoolProvider.getConnection(DBPoolProvider.java:76)
at com.qc.qa.dbutils.DBConnectionManager.getConnection(DBConnectionManager.java:158)
at com.qc.qa.dbutils.DBConnectionManager.getQueryResultAsStringMap(DBConnectionManager.java:83)
at pl.rest.utils.DBUtils.getCardDetails(DBUtils.java:3433)
at pl.rest.stepDefs.TransactionsStepDefs.iShouldSeeTheFollowingInTheCardListInTheDatabase(TransactionsStepDefs.java:249)
at sun.reflect.NativeMethodAccessorImpl.invoke0(Native Method)
at sun.reflect.NativeMethodAccessorImpl.invoke(NativeMethodAccessorImpl.java:62)
at sun.reflect.DelegatingMethodAccessorImpl.invoke(DelegatingMethodAccessorImpl.java:43)
at java.lang.reflect.Method.invoke(Method.java:498)
at cucumber.runtime.Utils$1.call(Utils.java:26)
at cucumber.runtime.Timeout.timeout(Timeout.java:16)
at cucumber.runtime.Utils.invoke(Utils.java:20)
at cucumber.runtime.java.JavaStepDefinition.execute(JavaStepDefinition.java:57)
at cucumber.runner.PickleStepDefinitionMatch.runStep(PickleStepDefinitionMatch.java:50)
at cucumber.runner.TestStep.executeStep(TestStep.java:65)
at cucumber.runner.TestStep.run(TestStep.java:50)
at cucumber.runner.PickleStepTestStep.run(PickleStepTestStep.java:43)
at cucumber.runner.TestCase.run(TestCase.java:46)
at cucumber.runner.Runner.runPickle(Runner.java:50)
at io.cucumber.testng.TestNGCucumberRunner.runScenario(TestNGCucumberRunner.java:69)
at io.cucumber.testng.AbstractTestNGCucumberTests.runScenario(AbstractTestNGCucumberTests.java:24)
at sun.reflect.NativeMethodAccessorImpl.invoke0(Native Method)
at sun.reflect.NativeMethodAccessorImpl.invoke(NativeMethodAccessorImpl.java:62)
at sun.reflect.DelegatingMethodAccessorImpl.invoke(DelegatingMethodAccessorImpl.java:43)
at java.lang.reflect.Method.invoke(Method.java:498)
at org.testng.internal.MethodInvocationHelper.invokeMethod(MethodInvocationHelper.java:124)
at org.testng.internal.Invoker.invokeMethod(Invoker.java:583)
at org.testng.internal.Invoker.invokeTestMethod(Invoker.java:719)
at org.testng.internal.Invoker.invokeTestMethods(Invoker.java:989)
at org.testng.internal.TestMethodWorker.invokeTestMethods(TestMethodWorker.java:125)
at org.testng.internal.TestMethodWorker.run(TestMethodWorker.java:109)
at org.testng.TestRunner.privateRun(TestRunner.java:648)
at org.testng.TestRunner.run(TestRunner.java:505)
at org.testng.SuiteRunner.runTest(SuiteRunner.java:455)
at org.testng.SuiteRunner.runSequentially(SuiteRunner.java:450)
at org.testng.SuiteRunner.privateRun(SuiteRunner.java:415)
at org.testng.SuiteRunner.run(SuiteRunner.java:364)
at org.testng.SuiteRunnerWorker.runSuite(SuiteRunnerWorker.java:52)
at org.testng.SuiteRunnerWorker.run(SuiteRunnerWorker.java:84)
at org.testng.TestNG.runSuitesSequentially(TestNG.java:1208)
at org.testng.TestNG.runSuitesLocally(TestNG.java:1137)
at org.testng.TestNG.runSuites(TestNG.java:1049)
at org.testng.TestNG.run(TestNG.java:1017)
at org.apache.maven.surefire.testng.TestNGExecutor.run(TestNGExecutor.java:135)
at org.apache.maven.surefire.testng.TestNGDirectoryTestSuite.executeSingleClass(TestNGDirectoryTestSuite.java:112)
at org.apache.maven.surefire.testng.TestNGDirectoryTestSuite.execute(TestNGDirectoryTestSuite.java:99)
at org.apache.maven.surefire.testng.TestNGProvider.invoke(TestNGProvider.java:146)
at sun.reflect.NativeMethodAccessorImpl.invoke0(Native Method)
at sun.reflect.NativeMethodAccessorImpl.invoke(NativeMethodAccessorImpl.java:62)
at sun.reflect.DelegatingMethodAccessorImpl.invoke(DelegatingMethodAccessorImpl.java:43)
at java.lang.reflect.Method.invoke(Method.java:498)
at org.apache.maven.surefire.util.ReflectionUtils.invokeMethodWithArray2(ReflectionUtils.java:206)
at org.apache.maven.surefire.booter.ProviderFactory$ProviderProxy.invoke(ProviderFactory.java:161)
at org.apache.maven.surefire.booter.ProviderFactory.invokeProvider(ProviderFactory.java:84)
at org.apache.maven.plugin.surefire.InPluginVMSurefireStarter.runSuitesInProcess(InPluginVMSurefireStarter.java:87)
at org.apache.maven.plugin.surefire.AbstractSurefireMojo.executeProvider(AbstractSurefireMojo.java:1177)
at org.apache.maven.plugin.surefire.AbstractSurefireMojo.executeAfterPreconditionsChecked(AbstractSurefireMojo.java:1022)
at org.apache.maven.plugin.surefire.AbstractSurefireMojo.execute(AbstractSurefireMojo.java:868)
at org.apache.maven.plugin.DefaultBuildPluginManager.executeMojo(DefaultBuildPluginManager.java:137)
at org.apache.maven.lifecycle.internal.MojoExecutor.execute(MojoExecutor.java:210)
at org.apache.maven.lifecycle.internal.MojoExecutor.execute(MojoExecutor.java:156)
at org.apache.maven.lifecycle.internal.MojoExecutor.execute(MojoExecutor.java:148)
at org.apache.maven.lifecycle.internal.LifecycleModuleBuilder.buildProject(LifecycleModuleBuilder.java:117)
at org.apache.maven.lifecycle.internal.LifecycleModuleBuilder.buildProject(LifecycleModuleBuilder.java:81)
at org.apache.maven.lifecycle.internal.builder.singlethreaded.SingleThreadedBuilder.build(SingleThreadedBuilder.java:56)
at org.apache.maven.lifecycle.internal.LifecycleStarter.execute(LifecycleStarter.java:128)
at org.apache.maven.DefaultMaven.doExecute(DefaultMaven.java:305)
at org.apache.maven.DefaultMaven.doExecute(DefaultMaven.java:192)
at org.apache.maven.DefaultMaven.execute(DefaultMaven.java:105)
at org.apache.maven.cli.MavenCli.execute(MavenCli.java:972)
at org.apache.maven.cli.MavenCli.doMain(MavenCli.java:293)
at org.apache.maven.cli.MavenCli.main(MavenCli.java:196)
at sun.reflect.NativeMethodAccessorImpl.invoke0(Native Method)
at sun.reflect.NativeMethodAccessorImpl.invoke(NativeMethodAccessorImpl.java:62)
at sun.reflect.DelegatingMethodAccessorImpl.invoke(DelegatingMethodAccessorImpl.java:43)
at java.lang.reflect.Method.invoke(Method.java:498)
at org.codehaus.plexus.classworlds.launcher.Launcher.launchEnhanced(Launcher.java:282)
at org.codehaus.plexus.classworlds.launcher.Launcher.launch(Launcher.java:225)
at org.codehaus.plexus.classworlds.launcher.Launcher.mainWithExitCode(Launcher.java:406)
at org.codehaus.plexus.classworlds.launcher.Launcher.main(Launcher.java:347)
]]>
            </full-stacktrace>
          </exception> <!-- java.sql.SQLException -->
          <reporter-output>
          </reporter-output>
        </test-method> <!-- runScenario -->
        <test-method status="FAIL" signature="runScenario(io.cucumber.testng.PickleEventWrapper, io.cucumber.testng.CucumberFeatureWrapper)[pri:0, instance:pl.rest.testRunners.TestRunner@47400608]" name="runScenario" duration-ms="19930" started-at="2021-12-17T05:50:46Z" description="Runs Cucumber Scenarios" data-provider="scenarios" finished-at="2021-12-17T05:51:06Z">
          <params>
            <param index="0">
              <value>
                <![CDATA["Issuing a instant non reloadable card"]]>
              </value>
            </param>
            <param index="1">
              <value>
                <![CDATA["Issuing instant Non Reloadable cards"]]>
              </value>
            </param>
          </params>
          <exception class="java.sql.SQLException">
            <message>
              <![CDATA[Cannot create PoolableConnectionFactory (The TCP/IP connection to the host 192.168.104.22, port 6135 has failed. Error: "Connection timed out: no further information.. Verify the connection properties. Make sure that an instance of SQL Server is running on the host and accepting TCP/IP connections at the port. Make sure that TCP connections to the port are not blocked by a firewall.".)]]>
            </message>
            <full-stacktrace>
              <![CDATA[java.sql.SQLException: Cannot create PoolableConnectionFactory (The TCP/IP connection to the host 192.168.104.22, port 6135 has failed. Error: "Connection timed out: no further information.. Verify the connection properties. Make sure that an instance of SQL Server is running on the host and accepting TCP/IP connections at the port. Make sure that TCP connections to the port are not blocked by a firewall.".)
at org.apache.commons.dbcp2.BasicDataSource.createPoolableConnectionFactory(BasicDataSource.java:2385)
at org.apache.commons.dbcp2.BasicDataSource.createDataSource(BasicDataSource.java:2110)
at org.apache.commons.dbcp2.BasicDataSource.getConnection(BasicDataSource.java:1563)
at com.qc.qa.dbutils.DBPoolProvider.getConnection(DBPoolProvider.java:76)
at com.qc.qa.dbutils.DBConnectionManager.getConnection(DBConnectionManager.java:158)
at com.qc.qa.dbutils.DBConnectionManager.getQueryResultAsStringMap(DBConnectionManager.java:83)
at pl.rest.utils.DBUtils.getCardDetails(DBUtils.java:3433)
at pl.rest.stepDefs.TransactionsStepDefs.iShouldSeeTheFollowingInTheCardListInTheDatabase(TransactionsStepDefs.java:249)
at ✽.i should see the following in the card list in the database(classpath:features/cardissue/InstantNonRelodableDigital.feature:48)
Caused by: com.microsoft.sqlserver.jdbc.SQLServerException: The TCP/IP connection to the host 192.168.104.22, port 6135 has failed. Error: "Connection timed out: no further information.. Verify the connection properties. Make sure that an instance of SQL Server is running on the host and accepting TCP/IP connections at the port. Make sure that TCP connections to the port are not blocked by a firewall.".
at com.microsoft.sqlserver.jdbc.SQLServerException.makeFromDriverError(SQLServerException.java:228)
at com.microsoft.sqlserver.jdbc.SQLServerException.ConvertConnectExceptionToSQLServerException(SQLServerException.java:285)
at com.microsoft.sqlserver.jdbc.SocketFinder.findSocket(IOBuffer.java:2437)
at com.microsoft.sqlserver.jdbc.TDSChannel.open(IOBuffer.java:641)
at com.microsoft.sqlserver.jdbc.SQLServerConnection.connectHelper(SQLServerConnection.java:2245)
at com.microsoft.sqlserver.jdbc.SQLServerConnection.login(SQLServerConnection.java:1921)
at com.microsoft.sqlserver.jdbc.SQLServerConnection.connectInternal(SQLServerConnection.java:1762)
at com.microsoft.sqlserver.jdbc.SQLServerConnection.connect(SQLServerConnection.java:1077)
at com.microsoft.sqlserver.jdbc.SQLServerDriver.connect(SQLServerDriver.java:623)
at org.apache.commons.dbcp2.DriverConnectionFactory.createConnection(DriverConnectionFactory.java:53)
at org.apache.commons.dbcp2.PoolableConnectionFactory.makeObject(PoolableConnectionFactory.java:291)
at org.apache.commons.dbcp2.BasicDataSource.validateConnectionFactory(BasicDataSource.java:2395)
at org.apache.commons.dbcp2.BasicDataSource.createPoolableConnectionFactory(BasicDataSource.java:2381)
at org.apache.commons.dbcp2.BasicDataSource.createDataSource(BasicDataSource.java:2110)
at org.apache.commons.dbcp2.BasicDataSource.getConnection(BasicDataSource.java:1563)
at com.qc.qa.dbutils.DBPoolProvider.getConnection(DBPoolProvider.java:76)
at com.qc.qa.dbutils.DBConnectionManager.getConnection(DBConnectionManager.java:158)
at com.qc.qa.dbutils.DBConnectionManager.getQueryResultAsStringMap(DBConnectionManager.java:83)
at pl.rest.utils.DBUtils.getCardDetails(DBUtils.java:3433)
at pl.rest.stepDefs.TransactionsStepDefs.iShouldSeeTheFollowingInTheCardListInTheDatabase(TransactionsStepDefs.java:249)
at sun.reflect.NativeMethodAccessorImpl.invoke0(Native Method)
at sun.reflect.NativeMethodAccessorImpl.invoke(NativeMethodAccessorImpl.java:62)
at sun.reflect.DelegatingMethodAccessorImpl.invoke(DelegatingMethodAccessorImpl.java:43)
at java.lang.reflect.Method.invoke(Method.java:498)
at cucumber.runtime.Utils$1.call(Utils.java:26)
at cucumber.runtime.Timeout.timeout(Timeout.java:16)
at cucumber.runtime.Utils.invoke(Utils.java:20)
at cucumber.runtime.java.JavaStepDefinition.execute(JavaStepDefinition.java:57)
at cucumber.runner.PickleStepDefinitionMatch.runStep(PickleStepDefinitionMatch.java:50)
at cucumber.runner.TestStep.executeStep(TestStep.java:65)
at cucumber.runner.TestStep.run(TestStep.java:50)
at cucumber.runner.PickleStepTestStep.run(PickleStepTestStep.java:43)
at cucumber.runner.TestCase.run(TestCase.java:46)
at cucumber.runner.Runner.runPickle(Runner.java:50)
at io.cucumber.testng.TestNGCucumberRunner.runScenario(TestNGCucumberRunner.java:69)
at io.cucumber.testng.AbstractTestNGCucumberTests.runScenario(AbstractTestNGCucumberTests.java:24)
at sun.reflect.NativeMethodAccessorImpl.invoke0(Native Method)
at sun.reflect.NativeMethodAccessorImpl.invoke(NativeMethodAccessorImpl.java:62)
at sun.reflect.DelegatingMethodAccessorImpl.invoke(DelegatingMethodAccessorImpl.java:43)
at java.lang.reflect.Method.invoke(Method.java:498)
at org.testng.internal.MethodInvocationHelper.invokeMethod(MethodInvocationHelper.java:124)
at org.testng.internal.Invoker.invokeMethod(Invoker.java:583)
at org.testng.internal.Invoker.invokeTestMethod(Invoker.java:719)
at org.testng.internal.Invoker.invokeTestMethods(Invoker.java:989)
at org.testng.internal.TestMethodWorker.invokeTestMethods(TestMethodWorker.java:125)
at org.testng.internal.TestMethodWorker.run(TestMethodWorker.java:109)
at org.testng.TestRunner.privateRun(TestRunner.java:648)
at org.testng.TestRunner.run(TestRunner.java:505)
at org.testng.SuiteRunner.runTest(SuiteRunner.java:455)
at org.testng.SuiteRunner.runSequentially(SuiteRunner.java:450)
at org.testng.SuiteRunner.privateRun(SuiteRunner.java:415)
at org.testng.SuiteRunner.run(SuiteRunner.java:364)
at org.testng.SuiteRunnerWorker.runSuite(SuiteRunnerWorker.java:52)
at org.testng.SuiteRunnerWorker.run(SuiteRunnerWorker.java:84)
at org.testng.TestNG.runSuitesSequentially(TestNG.java:1208)
at org.testng.TestNG.runSuitesLocally(TestNG.java:1137)
at org.testng.TestNG.runSuites(TestNG.java:1049)
at org.testng.TestNG.run(TestNG.java:1017)
at org.apache.maven.surefire.testng.TestNGExecutor.run(TestNGExecutor.java:135)
at org.apache.maven.surefire.testng.TestNGDirectoryTestSuite.executeSingleClass(TestNGDirectoryTestSuite.java:112)
at org.apache.maven.surefire.testng.TestNGDirectoryTestSuite.execute(TestNGDirectoryTestSuite.java:99)
at org.apache.maven.surefire.testng.TestNGProvider.invoke(TestNGProvider.java:146)
at sun.reflect.NativeMethodAccessorImpl.invoke0(Native Method)
at sun.reflect.NativeMethodAccessorImpl.invoke(NativeMethodAccessorImpl.java:62)
at sun.reflect.DelegatingMethodAccessorImpl.invoke(DelegatingMethodAccessorImpl.java:43)
at java.lang.reflect.Method.invoke(Method.java:498)
at org.apache.maven.surefire.util.ReflectionUtils.invokeMethodWithArray2(ReflectionUtils.java:206)
at org.apache.maven.surefire.booter.ProviderFactory$ProviderProxy.invoke(ProviderFactory.java:161)
at org.apache.maven.surefire.booter.ProviderFactory.invokeProvider(ProviderFactory.java:84)
at org.apache.maven.plugin.surefire.InPluginVMSurefireStarter.runSuitesInProcess(InPluginVMSurefireStarter.java:87)
at org.apache.maven.plugin.surefire.AbstractSurefireMojo.executeProvider(AbstractSurefireMojo.java:1177)
at org.apache.maven.plugin.surefire.AbstractSurefireMojo.executeAfterPreconditionsChecked(AbstractSurefireMojo.java:1022)
at org.apache.maven.plugin.surefire.AbstractSurefireMojo.execute(AbstractSurefireMojo.java:868)
at org.apache.maven.plugin.DefaultBuildPluginManager.executeMojo(DefaultBuildPluginManager.java:137)
at org.apache.maven.lifecycle.internal.MojoExecutor.execute(MojoExecutor.java:210)
at org.apache.maven.lifecycle.internal.MojoExecutor.execute(MojoExecutor.java:156)
at org.apache.maven.lifecycle.internal.MojoExecutor.execute(MojoExecutor.java:148)
at org.apache.maven.lifecycle.internal.LifecycleModuleBuilder.buildProject(LifecycleModuleBuilder.java:117)
at org.apache.maven.lifecycle.internal.LifecycleModuleBuilder.buildProject(LifecycleModuleBuilder.java:81)
at org.apache.maven.lifecycle.internal.builder.singlethreaded.SingleThreadedBuilder.build(SingleThreadedBuilder.java:56)
at org.apache.maven.lifecycle.internal.LifecycleStarter.execute(LifecycleStarter.java:128)
at org.apache.maven.DefaultMaven.doExecute(DefaultMaven.java:305)
at org.apache.maven.DefaultMaven.doExecute(DefaultMaven.java:192)
at org.apache.maven.DefaultMaven.execute(DefaultMaven.java:105)
at org.apache.maven.cli.MavenCli.execute(MavenCli.java:972)
at org.apache.maven.cli.MavenCli.doMain(MavenCli.java:293)
at org.apache.maven.cli.MavenCli.main(MavenCli.java:196)
at sun.reflect.NativeMethodAccessorImpl.invoke0(Native Method)
at sun.reflect.NativeMethodAccessorImpl.invoke(NativeMethodAccessorImpl.java:62)
at sun.reflect.DelegatingMethodAccessorImpl.invoke(DelegatingMethodAccessorImpl.java:43)
at java.lang.reflect.Method.invoke(Method.java:498)
at org.codehaus.plexus.classworlds.launcher.Launcher.launchEnhanced(Launcher.java:282)
at org.codehaus.plexus.classworlds.launcher.Launcher.launch(Launcher.java:225)
at org.codehaus.plexus.classworlds.launcher.Launcher.mainWithExitCode(Launcher.java:406)
at org.codehaus.plexus.classworlds.launcher.Launcher.main(Launcher.java:347)
]]>
            </full-stacktrace>
          </exception> <!-- java.sql.SQLException -->
          <reporter-output>
          </reporter-output>
        </test-method> <!-- runScenario -->
        <test-method status="PASS" signature="runScenario(io.cucumber.testng.PickleEventWrapper, io.cucumber.testng.CucumberFeatureWrapper)[pri:0, instance:pl.rest.testRunners.TestRunner@47400608]" name="runScenario" duration-ms="937" started-at="2021-12-17T05:51:06Z" description="Runs Cucumber Scenarios" data-provider="scenarios" finished-at="2021-12-17T05:51:07Z">
          <params>
            <param index="0">
              <value>
                <![CDATA["Validating the response code and messages."]]>
              </value>
            </param>
            <param index="1">
              <value>
                <![CDATA["Issuing instant Non Reloadable cards"]]>
              </value>
            </param>
          </params>
          <reporter-output>
          </reporter-output>
        </test-method> <!-- runScenario -->
        <test-method status="PASS" signature="runScenario(io.cucumber.testng.PickleEventWrapper, io.cucumber.testng.CucumberFeatureWrapper)[pri:0, instance:pl.rest.testRunners.TestRunner@47400608]" name="runScenario" duration-ms="811" started-at="2021-12-17T05:51:07Z" description="Runs Cucumber Scenarios" data-provider="scenarios" finished-at="2021-12-17T05:51:08Z">
          <params>
            <param index="0">
              <value>
                <![CDATA["Validating the response code and messages."]]>
              </value>
            </param>
            <param index="1">
              <value>
                <![CDATA["Issuing instant Non Reloadable cards"]]>
              </value>
            </param>
          </params>
          <reporter-output>
          </reporter-output>
        </test-method> <!-- runScenario -->
        <test-method status="PASS" signature="runScenario(io.cucumber.testng.PickleEventWrapper, io.cucumber.testng.CucumberFeatureWrapper)[pri:0, instance:pl.rest.testRunners.TestRunner@47400608]" name="runScenario" duration-ms="794" started-at="2021-12-17T05:51:08Z" description="Runs Cucumber Scenarios" data-provider="scenarios" finished-at="2021-12-17T05:51:08Z">
          <params>
            <param index="0">
              <value>
                <![CDATA["Validating the response code and messages."]]>
              </value>
            </param>
            <param index="1">
              <value>
                <![CDATA["Issuing instant Non Reloadable cards"]]>
              </value>
            </param>
          </params>
          <reporter-output>
          </reporter-output>
        </test-method> <!-- runScenario -->
        <test-method status="PASS" signature="runScenario(io.cucumber.testng.PickleEventWrapper, io.cucumber.testng.CucumberFeatureWrapper)[pri:0, instance:pl.rest.testRunners.TestRunner@47400608]" name="runScenario" duration-ms="742" started-at="2021-12-17T05:51:08Z" description="Runs Cucumber Scenarios" data-provider="scenarios" finished-at="2021-12-17T05:51:09Z">
          <params>
            <param index="0">
              <value>
                <![CDATA["Validating the response code and messages."]]>
              </value>
            </param>
            <param index="1">
              <value>
                <![CDATA["Issuing instant Non Reloadable cards"]]>
              </value>
            </param>
          </params>
          <reporter-output>
          </reporter-output>
        </test-method> <!-- runScenario -->
        <test-method status="PASS" signature="runScenario(io.cucumber.testng.PickleEventWrapper, io.cucumber.testng.CucumberFeatureWrapper)[pri:0, instance:pl.rest.testRunners.TestRunner@47400608]" name="runScenario" duration-ms="782" started-at="2021-12-17T05:51:09Z" description="Runs Cucumber Scenarios" data-provider="scenarios" finished-at="2021-12-17T05:51:10Z">
          <params>
            <param index="0">
              <value>
                <![CDATA["Validating the response code and messages."]]>
              </value>
            </param>
            <param index="1">
              <value>
                <![CDATA["Issuing instant Non Reloadable cards"]]>
              </value>
            </param>
          </params>
          <reporter-output>
          </reporter-output>
        </test-method> <!-- runScenario -->
        <test-method status="PASS" signature="runScenario(io.cucumber.testng.PickleEventWrapper, io.cucumber.testng.CucumberFeatureWrapper)[pri:0, instance:pl.rest.testRunners.TestRunner@47400608]" name="runScenario" duration-ms="701" started-at="2021-12-17T05:51:10Z" description="Runs Cucumber Scenarios" data-provider="scenarios" finished-at="2021-12-17T05:51:11Z">
          <params>
            <param index="0">
              <value>
                <![CDATA["Validating the response code and messages."]]>
              </value>
            </param>
            <param index="1">
              <value>
                <![CDATA["Issuing instant Non Reloadable cards"]]>
              </value>
            </param>
          </params>
          <reporter-output>
          </reporter-output>
        </test-method> <!-- runScenario -->
        <test-method status="PASS" signature="runScenario(io.cucumber.testng.PickleEventWrapper, io.cucumber.testng.CucumberFeatureWrapper)[pri:0, instance:pl.rest.testRunners.TestRunner@47400608]" name="runScenario" duration-ms="748" started-at="2021-12-17T05:51:11Z" description="Runs Cucumber Scenarios" data-provider="scenarios" finished-at="2021-12-17T05:51:11Z">
          <params>
            <param index="0">
              <value>
                <![CDATA["Validating the response code and messages."]]>
              </value>
            </param>
            <param index="1">
              <value>
                <![CDATA["Issuing instant Non Reloadable cards"]]>
              </value>
            </param>
          </params>
          <reporter-output>
          </reporter-output>
        </test-method> <!-- runScenario -->
        <test-method status="PASS" signature="runScenario(io.cucumber.testng.PickleEventWrapper, io.cucumber.testng.CucumberFeatureWrapper)[pri:0, instance:pl.rest.testRunners.TestRunner@47400608]" name="runScenario" duration-ms="1065" started-at="2021-12-17T05:51:11Z" description="Runs Cucumber Scenarios" data-provider="scenarios" finished-at="2021-12-17T05:51:12Z">
          <params>
            <param index="0">
              <value>
                <![CDATA["Validating the response code and messages."]]>
              </value>
            </param>
            <param index="1">
              <value>
                <![CDATA["Issuing instant Non Reloadable cards"]]>
              </value>
            </param>
          </params>
          <reporter-output>
          </reporter-output>
        </test-method> <!-- runScenario -->
        <test-method status="PASS" signature="runScenario(io.cucumber.testng.PickleEventWrapper, io.cucumber.testng.CucumberFeatureWrapper)[pri:0, instance:pl.rest.testRunners.TestRunner@47400608]" name="runScenario" duration-ms="670" started-at="2021-12-17T05:51:12Z" description="Runs Cucumber Scenarios" data-provider="scenarios" finished-at="2021-12-17T05:51:13Z">
          <params>
            <param index="0">
              <value>
                <![CDATA["Issuing a card with Invalid Scheme id"]]>
              </value>
            </param>
            <param index="1">
              <value>
                <![CDATA["Issuing instant Non Reloadable cards"]]>
              </value>
            </param>
          </params>
          <reporter-output>
          </reporter-output>
        </test-method> <!-- runScenario -->
        <test-method status="PASS" signature="runScenario(io.cucumber.testng.PickleEventWrapper, io.cucumber.testng.CucumberFeatureWrapper)[pri:0, instance:pl.rest.testRunners.TestRunner@47400608]" name="runScenario" duration-ms="701" started-at="2021-12-17T05:51:13Z" description="Runs Cucumber Scenarios" data-provider="scenarios" finished-at="2021-12-17T05:51:14Z">
          <params>
            <param index="0">
              <value>
                <![CDATA["Issuing a card with Invalid Scheme id"]]>
              </value>
            </param>
            <param index="1">
              <value>
                <![CDATA["Issuing instant Non Reloadable cards"]]>
              </value>
            </param>
          </params>
          <reporter-output>
          </reporter-output>
        </test-method> <!-- runScenario -->
        <test-method status="PASS" signature="tearDownClass()[pri:0, instance:pl.rest.testRunners.TestRunner@47400608]" name="tearDownClass" is-config="true" duration-ms="439" started-at="2021-12-17T05:51:14Z" finished-at="2021-12-17T05:51:14Z">
          <reporter-output>
          </reporter-output>
        </test-method> <!-- tearDownClass -->
      </class> <!-- pl.rest.testRunners.TestRunner -->
    </test> <!-- Surefire test -->
  </suite> <!-- Surefire suite -->
</testng-results>
